#! /c/Source/iverilog-install/bin/vvp
:ivl_version "12.0 (devel)" "(s20150603-1539-g2693dd32b)";
:ivl_delay_selection "TYPICAL";
:vpi_time_precision + 0;
:vpi_module "C:\iverilog\lib\ivl\system.vpi";
:vpi_module "C:\iverilog\lib\ivl\vhdl_sys.vpi";
:vpi_module "C:\iverilog\lib\ivl\vhdl_textio.vpi";
:vpi_module "C:\iverilog\lib\ivl\v2005_math.vpi";
:vpi_module "C:\iverilog\lib\ivl\va_math.vpi";
S_00000298cbfd9270 .scope module, "cpu_tb" "cpu_tb" 2 7;
 .timescale 0 0;
v00000298cc03d5a0_0 .var "CLK", 0 0;
v00000298cc03e180_0 .net "INSTRUCTION", 31 0, L_00000298cc03d320;  1 drivers
v00000298cc03d640_0 .net "PC", 31 0, v00000298cc036e20_0;  1 drivers
v00000298cc03dbe0_0 .var "RESET", 0 0;
v00000298cc03db40_0 .net *"_ivl_0", 7 0, L_00000298cc03e400;  1 drivers
v00000298cc03ef40_0 .net *"_ivl_10", 31 0, L_00000298cc03d280;  1 drivers
v00000298cc03d6e0_0 .net *"_ivl_12", 7 0, L_00000298cc03ddc0;  1 drivers
L_00000298cc03f0f8 .functor BUFT 1, C4<00000000000000000000000000000001>, C4<0>, C4<0>, C4<0>;
v00000298cc03d8c0_0 .net/2u *"_ivl_14", 31 0, L_00000298cc03f0f8;  1 drivers
v00000298cc03dc80_0 .net *"_ivl_16", 31 0, L_00000298cc03e720;  1 drivers
v00000298cc03d820_0 .net *"_ivl_18", 7 0, L_00000298cc03df00;  1 drivers
L_00000298cc03f068 .functor BUFT 1, C4<00000000000000000000000000000011>, C4<0>, C4<0>, C4<0>;
v00000298cc03d780_0 .net/2u *"_ivl_2", 31 0, L_00000298cc03f068;  1 drivers
v00000298cc03d0a0_0 .net *"_ivl_4", 31 0, L_00000298cc03d1e0;  1 drivers
v00000298cc03dd20_0 .net *"_ivl_6", 7 0, L_00000298cc03ec20;  1 drivers
L_00000298cc03f0b0 .functor BUFT 1, C4<00000000000000000000000000000010>, C4<0>, C4<0>, C4<0>;
v00000298cc03de60_0 .net/2u *"_ivl_8", 31 0, L_00000298cc03f0b0;  1 drivers
v00000298cc03eb80_0 .var/i "i", 31 0;
v00000298cc03d140 .array "instr_mem", 0 1023, 7 0;
L_00000298cc03e400 .array/port v00000298cc03d140, L_00000298cc03d1e0;
L_00000298cc03d1e0 .arith/sum 32, v00000298cc036e20_0, L_00000298cc03f068;
L_00000298cc03ec20 .array/port v00000298cc03d140, L_00000298cc03d280;
L_00000298cc03d280 .arith/sum 32, v00000298cc036e20_0, L_00000298cc03f0b0;
L_00000298cc03ddc0 .array/port v00000298cc03d140, L_00000298cc03e720;
L_00000298cc03e720 .arith/sum 32, v00000298cc036e20_0, L_00000298cc03f0f8;
L_00000298cc03df00 .array/port v00000298cc03d140, v00000298cc036e20_0;
L_00000298cc03d320 .concat [ 8 8 8 8], L_00000298cc03df00, L_00000298cc03ddc0, L_00000298cc03ec20, L_00000298cc03e400;
S_00000298cbfd95d0 .scope module, "mycpu" "cpu" 2 39, 3 350 0, S_00000298cbfd9270;
 .timescale 0 0;
    .port_info 0 /OUTPUT 32 "PCOUT";
    .port_info 1 /INPUT 32 "INSTRUCTION";
    .port_info 2 /INPUT 1 "CLK";
    .port_info 3 /INPUT 1 "RESET";
v00000298cc038750_0 .net "ALUOP", 2 0, v00000298cc036420_0;  1 drivers
v00000298cc038bb0_0 .net "ALURESULT", 7 0, v00000298cbfebfa0_0;  1 drivers
v00000298cc0395b0_0 .net "BRANCHADDRESS", 31 0, v00000298cc0376e0_0;  1 drivers
v00000298cc038930_0 .net "BRANCHINSTRUCTION", 7 0, v00000298cc037c80_0;  1 drivers
v00000298cc0389d0_0 .net "BRANCH_EQ_SELECT", 0 0, v00000298cc0362e0_0;  1 drivers
v00000298cc038cf0_0 .net "BRANCH_NE_SELECT", 0 0, v00000298cc037f00_0;  1 drivers
v00000298cc0381b0_0 .net "BRANCH_SELECT", 0 0, L_00000298cbfbffd0;  1 drivers
v00000298cc038a70_0 .net "BRANCH_SELECTED", 31 0, v00000298cc036a60_0;  1 drivers
v00000298cc0384d0_0 .net "CLK", 0 0, v00000298cc03d5a0_0;  1 drivers
v00000298cc038070_0 .net "IMMIDIATE", 7 0, v00000298cc036380_0;  1 drivers
v00000298cc038f70_0 .net "IMMIDIATE_SELECT", 0 0, v00000298cc0378c0_0;  1 drivers
v00000298cc039650_0 .net "IMMIDIATE_SELECTED", 7 0, v00000298cbfec2c0_0;  1 drivers
v00000298cc039790_0 .net "INSTRUCTION", 31 0, L_00000298cc03d320;  alias, 1 drivers
v00000298cc0390b0_0 .net "JUMPADDRESS", 31 0, v00000298cc0364c0_0;  1 drivers
v00000298cc039830_0 .net "JUMPINSTRUCTION", 7 0, v00000298cc036100_0;  1 drivers
v00000298cc038250_0 .net "JUMP_SELECT", 0 0, v00000298cc0371e0_0;  1 drivers
v00000298cc039ab0_0 .net "JUMP_SELECTED", 31 0, v00000298cc0366a0_0;  1 drivers
v00000298cc0382f0_0 .net "LEFTSHIFTEDBRANCH", 31 0, v00000298cc036ce0_0;  1 drivers
v00000298cc039b50_0 .net "LEFTSHIFTEDJUMP", 31 0, v00000298cc037dc0_0;  1 drivers
v00000298cc039bf0_0 .net "NEXTPCOUT", 31 0, v00000298cc037000_0;  1 drivers
v00000298cc039c90_0 .net "NOT_ZERO", 0 0, L_00000298cbfc0350;  1 drivers
v00000298cc039d30_0 .net "NOT_ZERO_and_BRANCHSELECT", 0 0, L_00000298cbfc0970;  1 drivers
v00000298cc039dd0_0 .net "OPCODE", 7 0, v00000298cc036920_0;  1 drivers
v00000298cc03d3c0_0 .net "PCOUT", 31 0, v00000298cc036e20_0;  alias, 1 drivers
v00000298cc03e9a0_0 .net "READREG1", 2 0, v00000298cc037460_0;  1 drivers
v00000298cc03e220_0 .net "READREG2", 2 0, v00000298cc037320_0;  1 drivers
v00000298cc03d460_0 .net "REGOUT1", 7 0, L_00000298cbfc0820;  1 drivers
v00000298cc03d960_0 .net "REGOUT2", 7 0, L_00000298cbfc0890;  1 drivers
v00000298cc03eea0_0 .net "RESET", 0 0, v00000298cc03dbe0_0;  1 drivers
v00000298cc03e0e0_0 .net "SIGNEXTENDEDBRANCH", 31 0, v00000298cc039a10_0;  1 drivers
v00000298cc03e680_0 .net "SIGNEXTENDEDJUMP", 31 0, v00000298cc038b10_0;  1 drivers
v00000298cc03ecc0_0 .net "TWOS_COMP", 7 0, v00000298cc039470_0;  1 drivers
v00000298cc03e900_0 .net "TWOS_COMP_SELECT", 0 0, v00000298cc037d20_0;  1 drivers
v00000298cc03da00_0 .net "TWOS_COMP_SELECTED", 7 0, v00000298cc0387f0_0;  1 drivers
v00000298cc03d500_0 .net "WRITEENABLE", 0 0, v00000298cc037140_0;  1 drivers
v00000298cc03e2c0_0 .net "WRITEREG", 2 0, v00000298cc036b00_0;  1 drivers
v00000298cc03daa0_0 .net "ZERO", 0 0, v00000298cbfed1c0_0;  1 drivers
v00000298cc03e360_0 .net "ZERO_and_BRANCHSELECT", 0 0, L_00000298cbfbff60;  1 drivers
S_00000298cbf707a0 .scope module, "alu" "alu" 3 449, 4 186 0, S_00000298cbfd95d0;
 .timescale 0 0;
    .port_info 0 /INPUT 8 "DATA1";
    .port_info 1 /INPUT 8 "DATA2";
    .port_info 2 /OUTPUT 8 "RESULT";
    .port_info 3 /INPUT 3 "SELECT";
    .port_info 4 /OUTPUT 1 "ZERO";
v00000298cbfed300_0 .net "ADD_RESULT", 7 0, v00000298cbfed620_0;  1 drivers
v00000298cbfed760_0 .net "AND_RESULT", 7 0, L_00000298cbfc0ac0;  1 drivers
v00000298cbfed8a0_0 .net "DATA1", 7 0, L_00000298cbfc0820;  alias, 1 drivers
v00000298cbfed940_0 .net "DATA2", 7 0, v00000298cbfec2c0_0;  alias, 1 drivers
v00000298cbfec040_0 .net "MOV_RESULT", 7 0, L_00000298cbfc09e0;  1 drivers
v00000298cbfec0e0_0 .net "MULT_RESULT", 7 0, v00000298cbfec360_0;  1 drivers
v00000298cbfec400_0 .net "OR_RESULT", 7 0, L_00000298cbfc0200;  1 drivers
v00000298cbfebfa0_0 .var "RESULT", 7 0;
v00000298cbfec680_0 .net "RO_RESULT", 7 0, v00000298cbfebe60_0;  1 drivers
v00000298cbfec720_0 .net "SA_RESULT", 7 0, v00000298cbfecea0_0;  1 drivers
v00000298cbfecd60_0 .net "SELECT", 2 0, v00000298cc036420_0;  alias, 1 drivers
v00000298cbfec4a0_0 .net "SL_RESULT", 7 0, v00000298cbfecb80_0;  1 drivers
v00000298cbfed1c0_0 .var "ZERO", 0 0;
E_00000298cbfc11e0/0 .event anyedge, v00000298cbfecd60_0, v00000298cbfecf40_0, v00000298cbfed620_0, v00000298cbfec860_0;
E_00000298cbfc11e0/1 .event anyedge, v00000298cbfed4e0_0, v00000298cbfec360_0, v00000298cbfecb80_0, v00000298cbfecea0_0;
E_00000298cbfc11e0/2 .event anyedge, v00000298cbfebe60_0;
E_00000298cbfc11e0 .event/or E_00000298cbfc11e0/0, E_00000298cbfc11e0/1, E_00000298cbfc11e0/2;
E_00000298cbfc17a0 .event anyedge, v00000298cbfed620_0;
S_00000298cbf70930 .scope module, "add1" "add_module" 4 205, 4 13 0, S_00000298cbf707a0;
 .timescale 0 0;
    .port_info 0 /INPUT 8 "DATA1";
    .port_info 1 /INPUT 8 "DATA2";
    .port_info 2 /OUTPUT 8 "RESULT";
v00000298cbfbf3c0_0 .net "DATA1", 7 0, L_00000298cbfc0820;  alias, 1 drivers
v00000298cbfed260_0 .net "DATA2", 7 0, v00000298cbfec2c0_0;  alias, 1 drivers
v00000298cbfed620_0 .var "RESULT", 7 0;
E_00000298cbfc0d60 .event anyedge, v00000298cbfed260_0, v00000298cbfbf3c0_0;
S_00000298cbf4add0 .scope module, "and1" "and_module" 4 206, 4 28 0, S_00000298cbf707a0;
 .timescale 0 0;
    .port_info 0 /INPUT 8 "DATA1";
    .port_info 1 /INPUT 8 "DATA2";
    .port_info 2 /OUTPUT 8 "RESULT";
L_00000298cbfc0ac0 .functor AND 8, L_00000298cbfc0820, v00000298cbfec2c0_0, C4<11111111>, C4<11111111>;
v00000298cbfecc20_0 .net "DATA1", 7 0, L_00000298cbfc0820;  alias, 1 drivers
v00000298cbfece00_0 .net "DATA2", 7 0, v00000298cbfec2c0_0;  alias, 1 drivers
v00000298cbfec860_0 .net "RESULT", 7 0, L_00000298cbfc0ac0;  alias, 1 drivers
S_00000298cbf4af60 .scope module, "mov1" "mov_module" 4 204, 4 5 0, S_00000298cbf707a0;
 .timescale 0 0;
    .port_info 0 /INPUT 8 "DATA2";
    .port_info 1 /OUTPUT 8 "RESULT";
L_00000298cbfc09e0 .functor BUFZ 8, v00000298cbfec2c0_0, C4<00000000>, C4<00000000>, C4<00000000>;
v00000298cbfebb40_0 .net "DATA2", 7 0, v00000298cbfec2c0_0;  alias, 1 drivers
v00000298cbfecf40_0 .net "RESULT", 7 0, L_00000298cbfc09e0;  alias, 1 drivers
S_00000298cbf60660 .scope module, "mult1" "mult_module" 4 208, 4 46 0, S_00000298cbf707a0;
 .timescale 0 0;
    .port_info 0 /INPUT 8 "DATA1";
    .port_info 1 /INPUT 8 "DATA2";
    .port_info 2 /OUTPUT 8 "RESULT";
v00000298cbfec900_0 .net "DATA1", 7 0, L_00000298cbfc0820;  alias, 1 drivers
v00000298cbfebdc0_0 .net "DATA2", 7 0, v00000298cbfec2c0_0;  alias, 1 drivers
v00000298cbfec360_0 .var "RESULT", 7 0;
v00000298cbfebbe0_0 .var/i "i", 31 0;
E_00000298cbfc13e0 .event anyedge, v00000298cbfbf3c0_0, v00000298cbfed260_0, v00000298cbfec360_0;
S_00000298cbf607f0 .scope module, "or1" "or_module" 4 207, 4 37 0, S_00000298cbf707a0;
 .timescale 0 0;
    .port_info 0 /INPUT 8 "DATA1";
    .port_info 1 /INPUT 8 "DATA2";
    .port_info 2 /OUTPUT 8 "RESULT";
L_00000298cbfc0200 .functor OR 8, L_00000298cbfc0820, v00000298cbfec2c0_0, C4<00000000>, C4<00000000>;
v00000298cbfecae0_0 .net "DATA1", 7 0, L_00000298cbfc0820;  alias, 1 drivers
v00000298cbfebc80_0 .net "DATA2", 7 0, v00000298cbfec2c0_0;  alias, 1 drivers
v00000298cbfed4e0_0 .net "RESULT", 7 0, L_00000298cbfc0200;  alias, 1 drivers
S_00000298cbe7e0c0 .scope module, "ro1" "rotate_module" 4 211, 4 136 0, S_00000298cbf707a0;
 .timescale 0 0;
    .port_info 0 /INPUT 8 "DATA";
    .port_info 1 /INPUT 8 "ROTATEAMOUNT";
    .port_info 2 /OUTPUT 8 "RESULT";
v00000298cbfec9a0_0 .net "DATA", 7 0, L_00000298cbfc0820;  alias, 1 drivers
v00000298cbfec220_0 .var "OFFSET", 7 0;
v00000298cbfebe60_0 .var "RESULT", 7 0;
v00000298cbfeccc0_0 .net "ROTATEAMOUNT", 7 0, v00000298cbfec2c0_0;  alias, 1 drivers
v00000298cbfebf00_0 .var "TEMPARY", 0 0;
v00000298cbfec7c0_0 .var/i "i", 31 0;
v00000298cbfed580_0 .var/i "j", 31 0;
E_00000298cbfc39e0/0 .event anyedge, v00000298cbfbf3c0_0, v00000298cbfed260_0, v00000298cbfec220_0, v00000298cbfebe60_0;
E_00000298cbfc39e0/1 .event anyedge, v00000298cbfebf00_0;
E_00000298cbfc39e0 .event/or E_00000298cbfc39e0/0, E_00000298cbfc39e0/1;
S_00000298cbe7e250 .scope module, "sa1" "arithmatic_shift_module" 4 210, 4 98 0, S_00000298cbf707a0;
 .timescale 0 0;
    .port_info 0 /INPUT 8 "DATA";
    .port_info 1 /INPUT 8 "SHIFTAMOUNT";
    .port_info 2 /OUTPUT 8 "RESULT";
v00000298cbfed6c0_0 .net "DATA", 7 0, L_00000298cbfc0820;  alias, 1 drivers
v00000298cbfed080_0 .var "OFFSET", 7 0;
v00000298cbfecea0_0 .var "RESULT", 7 0;
v00000298cbfebaa0_0 .net "SHIFTAMOUNT", 7 0, v00000298cbfec2c0_0;  alias, 1 drivers
v00000298cbfec5e0_0 .var/i "i", 31 0;
v00000298cbfed120_0 .var/i "j", 31 0;
E_00000298cbfc4b60 .event anyedge, v00000298cbfbf3c0_0, v00000298cbfed260_0, v00000298cbfed080_0, v00000298cbfecea0_0;
S_00000298cbf64080 .scope module, "sl1" "logical_shift_module" 4 209, 4 63 0, S_00000298cbf707a0;
 .timescale 0 0;
    .port_info 0 /INPUT 8 "DATA";
    .port_info 1 /INPUT 8 "SHIFTAMOUNT";
    .port_info 2 /OUTPUT 8 "RESULT";
v00000298cbfebd20_0 .net "DATA", 7 0, L_00000298cbfc0820;  alias, 1 drivers
v00000298cbfecfe0_0 .var "OFFSET", 7 0;
v00000298cbfecb80_0 .var "RESULT", 7 0;
v00000298cbfed800_0 .net "SHIFTAMOUNT", 7 0, v00000298cbfec2c0_0;  alias, 1 drivers
v00000298cbfeca40_0 .var/i "i", 31 0;
v00000298cbfed3a0_0 .var/i "j", 31 0;
E_00000298cbfc3fa0 .event anyedge, v00000298cbfbf3c0_0, v00000298cbfed260_0, v00000298cbfecfe0_0, v00000298cbfecb80_0;
S_00000298cbf64210 .scope module, "alu_immidiate_mux" "mux_module8" 3 438, 3 32 0, S_00000298cbfd95d0;
 .timescale 0 0;
    .port_info 0 /INPUT 8 "DATA1";
    .port_info 1 /INPUT 8 "DATA2";
    .port_info 2 /OUTPUT 8 "RESULT";
    .port_info 3 /INPUT 1 "SELECT";
v00000298cbfed440_0 .net "DATA1", 7 0, v00000298cc0387f0_0;  alias, 1 drivers
v00000298cbfec180_0 .net "DATA2", 7 0, v00000298cc036380_0;  alias, 1 drivers
v00000298cbfec2c0_0 .var "RESULT", 7 0;
v00000298cbfec540_0 .net "SELECT", 0 0, v00000298cc0378c0_0;  alias, 1 drivers
E_00000298cbfc3ce0 .event anyedge, v00000298cbfec540_0, v00000298cbfec180_0, v00000298cbfed440_0;
S_00000298cbf65510 .scope module, "branch_add" "branch_add" 3 430, 3 182 0, S_00000298cbfd95d0;
 .timescale 0 0;
    .port_info 0 /INPUT 32 "PCOUT";
    .port_info 1 /INPUT 32 "LEFTSHIFTEDBRANCH";
    .port_info 2 /OUTPUT 32 "BRANCHADDRESS";
v00000298cc0376e0_0 .var "BRANCHADDRESS", 31 0;
v00000298cc036740_0 .net "LEFTSHIFTEDBRANCH", 31 0, v00000298cc036ce0_0;  alias, 1 drivers
v00000298cc037960_0 .net "PCOUT", 31 0, v00000298cc037000_0;  alias, 1 drivers
E_00000298cbfc4860 .event anyedge, v00000298cc036740_0, v00000298cc037960_0;
S_00000298cbf656a0 .scope module, "branch_eq_and" "and_gate" 3 442, 3 154 0, S_00000298cbfd95d0;
 .timescale 0 0;
    .port_info 0 /INPUT 1 "DATA1";
    .port_info 1 /INPUT 1 "DATA2";
    .port_info 2 /OUTPUT 1 "RESULT";
L_00000298cbfbff60 .functor AND 1, v00000298cc0362e0_0, v00000298cbfed1c0_0, C4<1>, C4<1>;
v00000298cc037640_0 .net "DATA1", 0 0, v00000298cc0362e0_0;  alias, 1 drivers
v00000298cc0361a0_0 .net "DATA2", 0 0, v00000298cbfed1c0_0;  alias, 1 drivers
v00000298cc036ec0_0 .net "RESULT", 0 0, L_00000298cbfbff60;  alias, 1 drivers
S_00000298cbe7e890 .scope module, "branch_neq_and" "and_gate" 3 443, 3 154 0, S_00000298cbfd95d0;
 .timescale 0 0;
    .port_info 0 /INPUT 1 "DATA1";
    .port_info 1 /INPUT 1 "DATA2";
    .port_info 2 /OUTPUT 1 "RESULT";
L_00000298cbfc0970 .functor AND 1, v00000298cc037f00_0, L_00000298cbfc0350, C4<1>, C4<1>;
v00000298cc036600_0 .net "DATA1", 0 0, v00000298cc037f00_0;  alias, 1 drivers
v00000298cc0369c0_0 .net "DATA2", 0 0, L_00000298cbfc0350;  alias, 1 drivers
v00000298cc0367e0_0 .net "RESULT", 0 0, L_00000298cbfc0970;  alias, 1 drivers
S_00000298cbe7ea20 .scope module, "branch_neq_not" "not_gate" 3 441, 3 164 0, S_00000298cbfd95d0;
 .timescale 0 0;
    .port_info 0 /INPUT 1 "DATA";
    .port_info 1 /OUTPUT 1 "RESULT";
L_00000298cbfc0350 .functor NOT 1, v00000298cbfed1c0_0, C4<0>, C4<0>, C4<0>;
v00000298cc036060_0 .net "DATA", 0 0, v00000298cbfed1c0_0;  alias, 1 drivers
v00000298cc037780_0 .net "RESULT", 0 0, L_00000298cbfc0350;  alias, 1 drivers
S_00000298cbf399c0 .scope module, "branch_or" "or_gate" 3 444, 3 173 0, S_00000298cbfd95d0;
 .timescale 0 0;
    .port_info 0 /INPUT 1 "DATA1";
    .port_info 1 /INPUT 1 "DATA2";
    .port_info 2 /OUTPUT 1 "RESULT";
L_00000298cbfbffd0 .functor OR 1, L_00000298cbfc0970, L_00000298cbfbff60, C4<0>, C4<0>;
v00000298cc037a00_0 .net "DATA1", 0 0, L_00000298cbfc0970;  alias, 1 drivers
v00000298cc036880_0 .net "DATA2", 0 0, L_00000298cbfbff60;  alias, 1 drivers
v00000298cc036c40_0 .net "RESULT", 0 0, L_00000298cbfbffd0;  alias, 1 drivers
S_00000298cbfee410 .scope module, "branch_select_mux" "mux_module32" 3 445, 3 45 0, S_00000298cbfd95d0;
 .timescale 0 0;
    .port_info 0 /INPUT 32 "DATA1";
    .port_info 1 /INPUT 32 "DATA2";
    .port_info 2 /OUTPUT 32 "RESULT";
    .port_info 3 /INPUT 1 "SELECT";
v00000298cc036240_0 .net "DATA1", 31 0, v00000298cc037000_0;  alias, 1 drivers
v00000298cc037820_0 .net "DATA2", 31 0, v00000298cc0376e0_0;  alias, 1 drivers
v00000298cc036a60_0 .var "RESULT", 31 0;
v00000298cc036f60_0 .net "SELECT", 0 0, L_00000298cbfbffd0;  alias, 1 drivers
E_00000298cbfc4420 .event anyedge, v00000298cc036c40_0, v00000298cc0376e0_0, v00000298cc037960_0;
S_00000298cbfee280 .scope module, "control_unit" "control_unit" 3 432, 3 193 0, S_00000298cbfd95d0;
 .timescale 0 0;
    .port_info 0 /INPUT 8 "OPCODE";
    .port_info 1 /OUTPUT 3 "ALU_OP";
    .port_info 2 /OUTPUT 1 "IMMIDIATE_SELECT";
    .port_info 3 /OUTPUT 1 "REG_WRITE";
    .port_info 4 /OUTPUT 1 "TWOS_COMP";
    .port_info 5 /OUTPUT 1 "BRANCH_SELECT";
    .port_info 6 /OUTPUT 1 "BRANCH_NE_SELECT";
    .port_info 7 /OUTPUT 1 "JUMP_SELECT";
v00000298cc036420_0 .var "ALU_OP", 2 0;
v00000298cc037f00_0 .var "BRANCH_NE_SELECT", 0 0;
v00000298cc0362e0_0 .var "BRANCH_SELECT", 0 0;
v00000298cc0378c0_0 .var "IMMIDIATE_SELECT", 0 0;
v00000298cc0371e0_0 .var "JUMP_SELECT", 0 0;
v00000298cc037280_0 .net "OPCODE", 7 0, v00000298cc036920_0;  alias, 1 drivers
v00000298cc037140_0 .var "REG_WRITE", 0 0;
v00000298cc037d20_0 .var "TWOS_COMP", 0 0;
E_00000298cbfc44e0 .event anyedge, v00000298cc037280_0;
S_00000298cbfee8c0 .scope module, "instruction_decoder" "instruction_decoder" 3 422, 3 92 0, S_00000298cbfd95d0;
 .timescale 0 0;
    .port_info 0 /INPUT 32 "INSTRUCTION";
    .port_info 1 /OUTPUT 8 "OPCODE";
    .port_info 2 /OUTPUT 3 "REGISTER_1";
    .port_info 3 /OUTPUT 3 "REGISTER_2";
    .port_info 4 /OUTPUT 3 "REGISTER_DEST";
    .port_info 5 /OUTPUT 8 "IMMIDIATE";
    .port_info 6 /OUTPUT 8 "BRANCHADDRESS";
    .port_info 7 /OUTPUT 8 "JUMPADDRESS";
v00000298cc037c80_0 .var "BRANCHADDRESS", 7 0;
v00000298cc036380_0 .var "IMMIDIATE", 7 0;
v00000298cc0375a0_0 .net "INSTRUCTION", 31 0, L_00000298cc03d320;  alias, 1 drivers
v00000298cc036100_0 .var "JUMPADDRESS", 7 0;
v00000298cc036920_0 .var "OPCODE", 7 0;
v00000298cc037460_0 .var "REGISTER_1", 2 0;
v00000298cc037320_0 .var "REGISTER_2", 2 0;
v00000298cc036b00_0 .var "REGISTER_DEST", 2 0;
E_00000298cbfc4620 .event anyedge, v00000298cc0375a0_0;
S_00000298cbfee5a0 .scope module, "jump_concatenate" "jump_concatenate" 3 426, 3 142 0, S_00000298cbfd95d0;
 .timescale 0 0;
    .port_info 0 /INPUT 32 "PCOUT";
    .port_info 1 /INPUT 32 "LEFTSHIFTEDJUMP";
    .port_info 2 /OUTPUT 32 "JUMPADDRESS";
v00000298cc0364c0_0 .var "JUMPADDRESS", 31 0;
v00000298cc036560_0 .net "LEFTSHIFTEDJUMP", 31 0, v00000298cc037dc0_0;  alias, 1 drivers
v00000298cc037aa0_0 .net "PCOUT", 31 0, v00000298cc037000_0;  alias, 1 drivers
E_00000298cbfc48e0 .event anyedge, v00000298cc036560_0, v00000298cc037960_0;
S_00000298cbfedc40 .scope module, "jump_select_mux" "mux_module32" 3 447, 3 45 0, S_00000298cbfd95d0;
 .timescale 0 0;
    .port_info 0 /INPUT 32 "DATA1";
    .port_info 1 /INPUT 32 "DATA2";
    .port_info 2 /OUTPUT 32 "RESULT";
    .port_info 3 /INPUT 1 "SELECT";
v00000298cc037b40_0 .net "DATA1", 31 0, v00000298cc036a60_0;  alias, 1 drivers
v00000298cc0373c0_0 .net "DATA2", 31 0, v00000298cc0364c0_0;  alias, 1 drivers
v00000298cc0366a0_0 .var "RESULT", 31 0;
v00000298cc036ba0_0 .net "SELECT", 0 0, v00000298cc0371e0_0;  alias, 1 drivers
E_00000298cbfc4c20 .event anyedge, v00000298cc0371e0_0, v00000298cc0364c0_0, v00000298cc036a60_0;
S_00000298cbfee730 .scope module, "left_shift_for_branch" "left_shift" 3 429, 3 130 0, S_00000298cbfd95d0;
 .timescale 0 0;
    .port_info 0 /INPUT 32 "INPUT";
    .port_info 1 /OUTPUT 32 "OUTPUT";
v00000298cc037be0_0 .net "INPUT", 31 0, v00000298cc039a10_0;  alias, 1 drivers
v00000298cc036ce0_0 .var "OUTPUT", 31 0;
E_00000298cbfc4920 .event anyedge, v00000298cc037be0_0;
S_00000298cbfee0f0 .scope module, "left_shift_for_jump" "left_shift" 3 425, 3 130 0, S_00000298cbfd95d0;
 .timescale 0 0;
    .port_info 0 /INPUT 32 "INPUT";
    .port_info 1 /OUTPUT 32 "OUTPUT";
v00000298cc037500_0 .net "INPUT", 31 0, v00000298cc038b10_0;  alias, 1 drivers
v00000298cc037dc0_0 .var "OUTPUT", 31 0;
E_00000298cbfc4b20 .event anyedge, v00000298cc037500_0;
S_00000298cbfeddd0 .scope module, "pc" "programme_counter" 3 421, 3 69 0, S_00000298cbfd95d0;
 .timescale 0 0;
    .port_info 0 /OUTPUT 32 "PCOUT";
    .port_info 1 /OUTPUT 32 "NEXTPCOUT";
    .port_info 2 /INPUT 1 "RESET";
    .port_info 3 /INPUT 1 "CLK";
    .port_info 4 /INPUT 32 "SELECTEDOUTPUT";
v00000298cc036d80_0 .net "CLK", 0 0, v00000298cc03d5a0_0;  alias, 1 drivers
v00000298cc037000_0 .var "NEXTPCOUT", 31 0;
v00000298cc036e20_0 .var "PCOUT", 31 0;
v00000298cc037e60_0 .net "RESET", 0 0, v00000298cc03dbe0_0;  alias, 1 drivers
v00000298cc0370a0_0 .net "SELECTEDOUTPUT", 31 0, v00000298cc0366a0_0;  alias, 1 drivers
E_00000298cbfc4960 .event posedge, v00000298cc036d80_0;
S_00000298cbfedf60 .scope module, "reg_file" "reg_file" 3 434, 5 4 0, S_00000298cbfd95d0;
 .timescale 0 0;
    .port_info 0 /INPUT 8 "IN";
    .port_info 1 /OUTPUT 8 "OUT1";
    .port_info 2 /OUTPUT 8 "OUT2";
    .port_info 3 /INPUT 3 "INADDRESS";
    .port_info 4 /INPUT 3 "OUT1ADDRESS";
    .port_info 5 /INPUT 3 "OUT2ADDRESS";
    .port_info 6 /INPUT 1 "WRITE";
    .port_info 7 /INPUT 1 "CLK";
    .port_info 8 /INPUT 1 "RESET";
L_00000298cbfc0820/d .functor BUFZ 8, L_00000298cc03ed60, C4<00000000>, C4<00000000>, C4<00000000>;
L_00000298cbfc0820 .delay 8 (2,2,2) L_00000298cbfc0820/d;
L_00000298cbfc0890/d .functor BUFZ 8, L_00000298cc03e040, C4<00000000>, C4<00000000>, C4<00000000>;
L_00000298cbfc0890 .delay 8 (2,2,2) L_00000298cbfc0890/d;
v00000298cc038c50_0 .net "CLK", 0 0, v00000298cc03d5a0_0;  alias, 1 drivers
v00000298cc038d90_0 .net "IN", 7 0, v00000298cbfebfa0_0;  alias, 1 drivers
v00000298cc0398d0_0 .net "INADDRESS", 2 0, v00000298cc036b00_0;  alias, 1 drivers
v00000298cc038430_0 .net "OUT1", 7 0, L_00000298cbfc0820;  alias, 1 drivers
v00000298cc039e70_0 .net "OUT1ADDRESS", 2 0, v00000298cc037460_0;  alias, 1 drivers
v00000298cc0391f0_0 .net "OUT2", 7 0, L_00000298cbfc0890;  alias, 1 drivers
v00000298cc038570_0 .net "OUT2ADDRESS", 2 0, v00000298cc037320_0;  alias, 1 drivers
v00000298cc038610_0 .net "RESET", 0 0, v00000298cc03dbe0_0;  alias, 1 drivers
v00000298cc0396f0_0 .net "WRITE", 0 0, v00000298cc037140_0;  alias, 1 drivers
v00000298cc039010_0 .net *"_ivl_0", 7 0, L_00000298cc03ed60;  1 drivers
v00000298cc0386b0_0 .net *"_ivl_10", 4 0, L_00000298cc03e4a0;  1 drivers
L_00000298cc03f188 .functor BUFT 1, C4<00>, C4<0>, C4<0>, C4<0>;
v00000298cc038110_0 .net *"_ivl_13", 1 0, L_00000298cc03f188;  1 drivers
v00000298cc039970_0 .net *"_ivl_2", 4 0, L_00000298cc03dfa0;  1 drivers
L_00000298cc03f140 .functor BUFT 1, C4<00>, C4<0>, C4<0>, C4<0>;
v00000298cc038890_0 .net *"_ivl_5", 1 0, L_00000298cc03f140;  1 drivers
v00000298cc0393d0_0 .net *"_ivl_8", 7 0, L_00000298cc03e040;  1 drivers
v00000298cc039290 .array "registers", 0 7, 7 0;
L_00000298cc03ed60 .array/port v00000298cc039290, L_00000298cc03dfa0;
L_00000298cc03dfa0 .concat [ 3 2 0 0], v00000298cc037460_0, L_00000298cc03f140;
L_00000298cc03e040 .array/port v00000298cc039290, L_00000298cc03e4a0;
L_00000298cc03e4a0 .concat [ 3 2 0 0], v00000298cc037320_0, L_00000298cc03f188;
S_00000298cbfedab0 .scope module, "sign_extender_for_branch" "sign_extender" 3 428, 3 113 0, S_00000298cbfd95d0;
 .timescale 0 0;
    .port_info 0 /INPUT 8 "INPUT";
    .port_info 1 /OUTPUT 32 "OUTPUT";
v00000298cc038390_0 .net "INPUT", 7 0, v00000298cc037c80_0;  alias, 1 drivers
v00000298cc039a10_0 .var "OUTPUT", 31 0;
E_00000298cbfc49e0 .event anyedge, v00000298cc037c80_0;
S_00000298cc03bd10 .scope module, "sign_extender_for_jump" "sign_extender" 3 424, 3 113 0, S_00000298cbfd95d0;
 .timescale 0 0;
    .port_info 0 /INPUT 8 "INPUT";
    .port_info 1 /OUTPUT 32 "OUTPUT";
v00000298cc039510_0 .net "INPUT", 7 0, v00000298cc036100_0;  alias, 1 drivers
v00000298cc038b10_0 .var "OUTPUT", 31 0;
E_00000298cbfc3d60 .event anyedge, v00000298cc036100_0;
S_00000298cc03c4e0 .scope module, "twos_complement_mux" "mux_module8" 3 437, 3 32 0, S_00000298cbfd95d0;
 .timescale 0 0;
    .port_info 0 /INPUT 8 "DATA1";
    .port_info 1 /INPUT 8 "DATA2";
    .port_info 2 /OUTPUT 8 "RESULT";
    .port_info 3 /INPUT 1 "SELECT";
v00000298cc038ed0_0 .net "DATA1", 7 0, L_00000298cbfc0890;  alias, 1 drivers
v00000298cc039330_0 .net "DATA2", 7 0, v00000298cc039470_0;  alias, 1 drivers
v00000298cc0387f0_0 .var "RESULT", 7 0;
v00000298cc038e30_0 .net "SELECT", 0 0, v00000298cc037d20_0;  alias, 1 drivers
E_00000298cbfc42e0 .event anyedge, v00000298cc037d20_0, v00000298cc039330_0, v00000298cc0391f0_0;
S_00000298cc03ce40 .scope module, "twoscomp" "twos_complement" 3 435, 3 58 0, S_00000298cbfd95d0;
 .timescale 0 0;
    .port_info 0 /INPUT 8 "DATA";
    .port_info 1 /OUTPUT 8 "RESULT";
v00000298cc039f10_0 .net "DATA", 7 0, L_00000298cbfc0890;  alias, 1 drivers
v00000298cc039470_0 .var "RESULT", 7 0;
E_00000298cbfc3e20 .event anyedge, v00000298cc0391f0_0;
    .scope S_00000298cbfeddd0;
T_0 ;
    %wait E_00000298cbfc4960;
    %load/vec4 v00000298cc037e60_0;
    %flag_set/vec4 8;
    %jmp/0xz  T_0.0, 8;
    %pushi/vec4 0, 0, 32;
    %assign/vec4 v00000298cc036e20_0, 1;
    %pushi/vec4 4, 0, 32;
    %assign/vec4 v00000298cc037000_0, 2;
    %jmp T_0.1;
T_0.0 ;
    %load/vec4 v00000298cc0370a0_0;
    %assign/vec4 v00000298cc036e20_0, 1;
    %load/vec4 v00000298cc0370a0_0;
    %addi 4, 0, 32;
    %assign/vec4 v00000298cc037000_0, 2;
T_0.1 ;
    %jmp T_0;
    .thread T_0;
    .scope S_00000298cbfee8c0;
T_1 ;
    %wait E_00000298cbfc4620;
    %load/vec4 v00000298cc0375a0_0;
    %parti/s 9, 24, 6;
    %pad/u 8;
    %store/vec4 v00000298cc036920_0, 0, 8;
    %load/vec4 v00000298cc0375a0_0;
    %parti/s 9, 8, 5;
    %pad/u 3;
    %store/vec4 v00000298cc037460_0, 0, 3;
    %load/vec4 v00000298cc0375a0_0;
    %parti/s 9, 0, 2;
    %pad/u 3;
    %store/vec4 v00000298cc037320_0, 0, 3;
    %load/vec4 v00000298cc0375a0_0;
    %parti/s 9, 16, 6;
    %pad/u 3;
    %store/vec4 v00000298cc036b00_0, 0, 3;
    %load/vec4 v00000298cc0375a0_0;
    %parti/s 9, 0, 2;
    %pad/u 8;
    %store/vec4 v00000298cc036380_0, 0, 8;
    %load/vec4 v00000298cc0375a0_0;
    %parti/s 9, 16, 6;
    %pad/u 8;
    %store/vec4 v00000298cc037c80_0, 0, 8;
    %load/vec4 v00000298cc0375a0_0;
    %parti/s 9, 16, 6;
    %pad/u 8;
    %store/vec4 v00000298cc036100_0, 0, 8;
    %jmp T_1;
    .thread T_1, $push;
    .scope S_00000298cc03bd10;
T_2 ;
    %wait E_00000298cbfc3d60;
    %load/vec4 v00000298cc039510_0;
    %parti/s 1, 7, 4;
    %flag_set/vec4 8;
    %jmp/0xz  T_2.0, 8;
    %pushi/vec4 16777215, 0, 24;
    %ix/load 4, 8, 0;
    %flag_set/imm 4, 0;
    %store/vec4 v00000298cc038b10_0, 4, 24;
    %jmp T_2.1;
T_2.0 ;
    %pushi/vec4 0, 0, 24;
    %ix/load 4, 8, 0;
    %flag_set/imm 4, 0;
    %store/vec4 v00000298cc038b10_0, 4, 24;
T_2.1 ;
    %load/vec4 v00000298cc039510_0;
    %ix/load 4, 0, 0;
    %flag_set/imm 4, 0;
    %store/vec4 v00000298cc038b10_0, 4, 8;
    %jmp T_2;
    .thread T_2, $push;
    .scope S_00000298cbfee0f0;
T_3 ;
    %wait E_00000298cbfc4b20;
    %load/vec4 v00000298cc037500_0;
    %parti/s 30, 0, 2;
    %ix/load 4, 2, 0;
    %flag_set/imm 4, 0;
    %store/vec4 v00000298cc037dc0_0, 4, 30;
    %pushi/vec4 0, 0, 2;
    %ix/load 4, 0, 0;
    %flag_set/imm 4, 0;
    %store/vec4 v00000298cc037dc0_0, 4, 2;
    %jmp T_3;
    .thread T_3, $push;
    .scope S_00000298cbfee5a0;
T_4 ;
    %wait E_00000298cbfc48e0;
    %load/vec4 v00000298cc037aa0_0;
    %load/vec4 v00000298cc036560_0;
    %add;
    %store/vec4 v00000298cc0364c0_0, 0, 32;
    %jmp T_4;
    .thread T_4, $push;
    .scope S_00000298cbfedab0;
T_5 ;
    %wait E_00000298cbfc49e0;
    %load/vec4 v00000298cc038390_0;
    %parti/s 1, 7, 4;
    %flag_set/vec4 8;
    %jmp/0xz  T_5.0, 8;
    %pushi/vec4 16777215, 0, 24;
    %ix/load 4, 8, 0;
    %flag_set/imm 4, 0;
    %store/vec4 v00000298cc039a10_0, 4, 24;
    %jmp T_5.1;
T_5.0 ;
    %pushi/vec4 0, 0, 24;
    %ix/load 4, 8, 0;
    %flag_set/imm 4, 0;
    %store/vec4 v00000298cc039a10_0, 4, 24;
T_5.1 ;
    %load/vec4 v00000298cc038390_0;
    %ix/load 4, 0, 0;
    %flag_set/imm 4, 0;
    %store/vec4 v00000298cc039a10_0, 4, 8;
    %jmp T_5;
    .thread T_5, $push;
    .scope S_00000298cbfee730;
T_6 ;
    %wait E_00000298cbfc4920;
    %load/vec4 v00000298cc037be0_0;
    %parti/s 30, 0, 2;
    %ix/load 4, 2, 0;
    %flag_set/imm 4, 0;
    %store/vec4 v00000298cc036ce0_0, 4, 30;
    %pushi/vec4 0, 0, 2;
    %ix/load 4, 0, 0;
    %flag_set/imm 4, 0;
    %store/vec4 v00000298cc036ce0_0, 4, 2;
    %jmp T_6;
    .thread T_6, $push;
    .scope S_00000298cbf65510;
T_7 ;
    %wait E_00000298cbfc4860;
    %load/vec4 v00000298cc037960_0;
    %load/vec4 v00000298cc036740_0;
    %add;
    %store/vec4 v00000298cc0376e0_0, 0, 32;
    %jmp T_7;
    .thread T_7, $push;
    .scope S_00000298cbfee280;
T_8 ;
    %wait E_00000298cbfc44e0;
    %delay 1, 0;
    %load/vec4 v00000298cc037280_0;
    %dup/vec4;
    %pushi/vec4 0, 0, 8;
    %cmp/u;
    %jmp/1 T_8.0, 6;
    %dup/vec4;
    %pushi/vec4 1, 0, 8;
    %cmp/u;
    %jmp/1 T_8.1, 6;
    %dup/vec4;
    %pushi/vec4 2, 0, 8;
    %cmp/u;
    %jmp/1 T_8.2, 6;
    %dup/vec4;
    %pushi/vec4 3, 0, 8;
    %cmp/u;
    %jmp/1 T_8.3, 6;
    %dup/vec4;
    %pushi/vec4 4, 0, 8;
    %cmp/u;
    %jmp/1 T_8.4, 6;
    %dup/vec4;
    %pushi/vec4 5, 0, 8;
    %cmp/u;
    %jmp/1 T_8.5, 6;
    %dup/vec4;
    %pushi/vec4 6, 0, 8;
    %cmp/u;
    %jmp/1 T_8.6, 6;
    %dup/vec4;
    %pushi/vec4 7, 0, 8;
    %cmp/u;
    %jmp/1 T_8.7, 6;
    %dup/vec4;
    %pushi/vec4 8, 0, 8;
    %cmp/u;
    %jmp/1 T_8.8, 6;
    %dup/vec4;
    %pushi/vec4 9, 0, 8;
    %cmp/u;
    %jmp/1 T_8.9, 6;
    %dup/vec4;
    %pushi/vec4 10, 0, 8;
    %cmp/u;
    %jmp/1 T_8.10, 6;
    %dup/vec4;
    %pushi/vec4 11, 0, 8;
    %cmp/u;
    %jmp/1 T_8.11, 6;
    %dup/vec4;
    %pushi/vec4 12, 0, 8;
    %cmp/u;
    %jmp/1 T_8.12, 6;
    %pushi/vec4 0, 0, 3;
    %store/vec4 v00000298cc036420_0, 0, 3;
    %pushi/vec4 0, 0, 1;
    %store/vec4 v00000298cc037d20_0, 0, 1;
    %pushi/vec4 0, 0, 1;
    %store/vec4 v00000298cc0378c0_0, 0, 1;
    %pushi/vec4 0, 0, 1;
    %store/vec4 v00000298cc037140_0, 0, 1;
    %pushi/vec4 0, 0, 1;
    %store/vec4 v00000298cc0362e0_0, 0, 1;
    %pushi/vec4 0, 0, 1;
    %store/vec4 v00000298cc0371e0_0, 0, 1;
    %jmp T_8.14;
T_8.0 ;
    %pushi/vec4 0, 0, 3;
    %store/vec4 v00000298cc036420_0, 0, 3;
    %pushi/vec4 0, 0, 1;
    %store/vec4 v00000298cc037d20_0, 0, 1;
    %pushi/vec4 1, 0, 1;
    %store/vec4 v00000298cc0378c0_0, 0, 1;
    %pushi/vec4 1, 0, 1;
    %store/vec4 v00000298cc037140_0, 0, 1;
    %pushi/vec4 0, 0, 1;
    %store/vec4 v00000298cc0362e0_0, 0, 1;
    %pushi/vec4 0, 0, 1;
    %store/vec4 v00000298cc037f00_0, 0, 1;
    %pushi/vec4 0, 0, 1;
    %store/vec4 v00000298cc0371e0_0, 0, 1;
    %jmp T_8.14;
T_8.1 ;
    %pushi/vec4 0, 0, 3;
    %store/vec4 v00000298cc036420_0, 0, 3;
    %pushi/vec4 0, 0, 1;
    %store/vec4 v00000298cc037d20_0, 0, 1;
    %pushi/vec4 0, 0, 1;
    %store/vec4 v00000298cc0378c0_0, 0, 1;
    %pushi/vec4 1, 0, 1;
    %store/vec4 v00000298cc037140_0, 0, 1;
    %pushi/vec4 0, 0, 1;
    %store/vec4 v00000298cc0362e0_0, 0, 1;
    %pushi/vec4 0, 0, 1;
    %store/vec4 v00000298cc037f00_0, 0, 1;
    %pushi/vec4 0, 0, 1;
    %store/vec4 v00000298cc0371e0_0, 0, 1;
    %jmp T_8.14;
T_8.2 ;
    %pushi/vec4 1, 0, 3;
    %store/vec4 v00000298cc036420_0, 0, 3;
    %pushi/vec4 0, 0, 1;
    %store/vec4 v00000298cc037d20_0, 0, 1;
    %pushi/vec4 0, 0, 1;
    %store/vec4 v00000298cc0378c0_0, 0, 1;
    %pushi/vec4 1, 0, 1;
    %store/vec4 v00000298cc037140_0, 0, 1;
    %pushi/vec4 0, 0, 1;
    %store/vec4 v00000298cc0362e0_0, 0, 1;
    %pushi/vec4 0, 0, 1;
    %store/vec4 v00000298cc037f00_0, 0, 1;
    %pushi/vec4 0, 0, 1;
    %store/vec4 v00000298cc0371e0_0, 0, 1;
    %jmp T_8.14;
T_8.3 ;
    %pushi/vec4 1, 0, 3;
    %store/vec4 v00000298cc036420_0, 0, 3;
    %pushi/vec4 1, 0, 1;
    %store/vec4 v00000298cc037d20_0, 0, 1;
    %pushi/vec4 0, 0, 1;
    %store/vec4 v00000298cc0378c0_0, 0, 1;
    %pushi/vec4 1, 0, 1;
    %store/vec4 v00000298cc037140_0, 0, 1;
    %pushi/vec4 0, 0, 1;
    %store/vec4 v00000298cc0362e0_0, 0, 1;
    %pushi/vec4 0, 0, 1;
    %store/vec4 v00000298cc037f00_0, 0, 1;
    %pushi/vec4 0, 0, 1;
    %store/vec4 v00000298cc0371e0_0, 0, 1;
    %jmp T_8.14;
T_8.4 ;
    %pushi/vec4 2, 0, 3;
    %store/vec4 v00000298cc036420_0, 0, 3;
    %pushi/vec4 0, 0, 1;
    %store/vec4 v00000298cc037d20_0, 0, 1;
    %pushi/vec4 0, 0, 1;
    %store/vec4 v00000298cc0378c0_0, 0, 1;
    %pushi/vec4 1, 0, 1;
    %store/vec4 v00000298cc037140_0, 0, 1;
    %pushi/vec4 0, 0, 1;
    %store/vec4 v00000298cc0362e0_0, 0, 1;
    %pushi/vec4 0, 0, 1;
    %store/vec4 v00000298cc037f00_0, 0, 1;
    %pushi/vec4 0, 0, 1;
    %store/vec4 v00000298cc0371e0_0, 0, 1;
    %jmp T_8.14;
T_8.5 ;
    %pushi/vec4 3, 0, 3;
    %store/vec4 v00000298cc036420_0, 0, 3;
    %pushi/vec4 0, 0, 1;
    %store/vec4 v00000298cc037d20_0, 0, 1;
    %pushi/vec4 0, 0, 1;
    %store/vec4 v00000298cc0378c0_0, 0, 1;
    %pushi/vec4 1, 0, 1;
    %store/vec4 v00000298cc037140_0, 0, 1;
    %pushi/vec4 0, 0, 1;
    %store/vec4 v00000298cc0362e0_0, 0, 1;
    %pushi/vec4 0, 0, 1;
    %store/vec4 v00000298cc037f00_0, 0, 1;
    %pushi/vec4 0, 0, 1;
    %store/vec4 v00000298cc0371e0_0, 0, 1;
    %jmp T_8.14;
T_8.6 ;
    %pushi/vec4 0, 0, 3;
    %store/vec4 v00000298cc036420_0, 0, 3;
    %pushi/vec4 0, 0, 1;
    %store/vec4 v00000298cc037d20_0, 0, 1;
    %pushi/vec4 0, 0, 1;
    %store/vec4 v00000298cc0378c0_0, 0, 1;
    %pushi/vec4 0, 0, 1;
    %store/vec4 v00000298cc037140_0, 0, 1;
    %pushi/vec4 0, 0, 1;
    %store/vec4 v00000298cc0362e0_0, 0, 1;
    %pushi/vec4 0, 0, 1;
    %store/vec4 v00000298cc037f00_0, 0, 1;
    %pushi/vec4 1, 0, 1;
    %store/vec4 v00000298cc0371e0_0, 0, 1;
    %jmp T_8.14;
T_8.7 ;
    %pushi/vec4 0, 0, 3;
    %store/vec4 v00000298cc036420_0, 0, 3;
    %pushi/vec4 1, 0, 1;
    %store/vec4 v00000298cc037d20_0, 0, 1;
    %pushi/vec4 0, 0, 1;
    %store/vec4 v00000298cc0378c0_0, 0, 1;
    %pushi/vec4 0, 0, 1;
    %store/vec4 v00000298cc037140_0, 0, 1;
    %pushi/vec4 1, 0, 1;
    %store/vec4 v00000298cc0362e0_0, 0, 1;
    %pushi/vec4 0, 0, 1;
    %store/vec4 v00000298cc037f00_0, 0, 1;
    %pushi/vec4 0, 0, 1;
    %store/vec4 v00000298cc0371e0_0, 0, 1;
    %jmp T_8.14;
T_8.8 ;
    %pushi/vec4 4, 0, 3;
    %store/vec4 v00000298cc036420_0, 0, 3;
    %pushi/vec4 0, 0, 1;
    %store/vec4 v00000298cc037d20_0, 0, 1;
    %pushi/vec4 0, 0, 1;
    %store/vec4 v00000298cc0378c0_0, 0, 1;
    %pushi/vec4 1, 0, 1;
    %store/vec4 v00000298cc037140_0, 0, 1;
    %pushi/vec4 0, 0, 1;
    %store/vec4 v00000298cc0362e0_0, 0, 1;
    %pushi/vec4 0, 0, 1;
    %store/vec4 v00000298cc037f00_0, 0, 1;
    %pushi/vec4 0, 0, 1;
    %store/vec4 v00000298cc0371e0_0, 0, 1;
    %jmp T_8.14;
T_8.9 ;
    %pushi/vec4 5, 0, 3;
    %store/vec4 v00000298cc036420_0, 0, 3;
    %pushi/vec4 0, 0, 1;
    %store/vec4 v00000298cc037d20_0, 0, 1;
    %pushi/vec4 1, 0, 1;
    %store/vec4 v00000298cc0378c0_0, 0, 1;
    %pushi/vec4 1, 0, 1;
    %store/vec4 v00000298cc037140_0, 0, 1;
    %pushi/vec4 0, 0, 1;
    %store/vec4 v00000298cc0362e0_0, 0, 1;
    %pushi/vec4 0, 0, 1;
    %store/vec4 v00000298cc037f00_0, 0, 1;
    %pushi/vec4 0, 0, 1;
    %store/vec4 v00000298cc0371e0_0, 0, 1;
    %jmp T_8.14;
T_8.10 ;
    %pushi/vec4 6, 0, 3;
    %store/vec4 v00000298cc036420_0, 0, 3;
    %pushi/vec4 0, 0, 1;
    %store/vec4 v00000298cc037d20_0, 0, 1;
    %pushi/vec4 1, 0, 1;
    %store/vec4 v00000298cc0378c0_0, 0, 1;
    %pushi/vec4 1, 0, 1;
    %store/vec4 v00000298cc037140_0, 0, 1;
    %pushi/vec4 0, 0, 1;
    %store/vec4 v00000298cc0362e0_0, 0, 1;
    %pushi/vec4 0, 0, 1;
    %store/vec4 v00000298cc037f00_0, 0, 1;
    %pushi/vec4 0, 0, 1;
    %store/vec4 v00000298cc0371e0_0, 0, 1;
    %jmp T_8.14;
T_8.11 ;
    %pushi/vec4 7, 0, 3;
    %store/vec4 v00000298cc036420_0, 0, 3;
    %pushi/vec4 0, 0, 1;
    %store/vec4 v00000298cc037d20_0, 0, 1;
    %pushi/vec4 1, 0, 1;
    %store/vec4 v00000298cc0378c0_0, 0, 1;
    %pushi/vec4 1, 0, 1;
    %store/vec4 v00000298cc037140_0, 0, 1;
    %pushi/vec4 0, 0, 1;
    %store/vec4 v00000298cc0362e0_0, 0, 1;
    %pushi/vec4 0, 0, 1;
    %store/vec4 v00000298cc037f00_0, 0, 1;
    %pushi/vec4 0, 0, 1;
    %store/vec4 v00000298cc0371e0_0, 0, 1;
    %jmp T_8.14;
T_8.12 ;
    %pushi/vec4 0, 0, 3;
    %store/vec4 v00000298cc036420_0, 0, 3;
    %pushi/vec4 1, 0, 1;
    %store/vec4 v00000298cc037d20_0, 0, 1;
    %pushi/vec4 0, 0, 1;
    %store/vec4 v00000298cc0378c0_0, 0, 1;
    %pushi/vec4 0, 0, 1;
    %store/vec4 v00000298cc037140_0, 0, 1;
    %pushi/vec4 0, 0, 1;
    %store/vec4 v00000298cc0362e0_0, 0, 1;
    %pushi/vec4 1, 0, 1;
    %store/vec4 v00000298cc037f00_0, 0, 1;
    %pushi/vec4 0, 0, 1;
    %store/vec4 v00000298cc0371e0_0, 0, 1;
    %jmp T_8.14;
T_8.14 ;
    %pop/vec4 1;
    %jmp T_8;
    .thread T_8, $push;
    .scope S_00000298cbfedf60;
T_9 ;
    %wait E_00000298cbfc4960;
    %load/vec4 v00000298cc038610_0;
    %flag_set/vec4 8;
    %jmp/0xz  T_9.0, 8;
    %pushi/vec4 0, 0, 8;
    %ix/load 3, 0, 0;
    %flag_set/imm 4, 0;
    %ix/load 4, 1, 0; Constant delay
    %assign/vec4/a/d v00000298cc039290, 0, 4;
    %pushi/vec4 0, 0, 8;
    %ix/load 3, 1, 0;
    %flag_set/imm 4, 0;
    %ix/load 4, 1, 0; Constant delay
    %assign/vec4/a/d v00000298cc039290, 0, 4;
    %pushi/vec4 0, 0, 8;
    %ix/load 3, 2, 0;
    %flag_set/imm 4, 0;
    %ix/load 4, 1, 0; Constant delay
    %assign/vec4/a/d v00000298cc039290, 0, 4;
    %pushi/vec4 0, 0, 8;
    %ix/load 3, 3, 0;
    %flag_set/imm 4, 0;
    %ix/load 4, 1, 0; Constant delay
    %assign/vec4/a/d v00000298cc039290, 0, 4;
    %pushi/vec4 0, 0, 8;
    %ix/load 3, 4, 0;
    %flag_set/imm 4, 0;
    %ix/load 4, 1, 0; Constant delay
    %assign/vec4/a/d v00000298cc039290, 0, 4;
    %pushi/vec4 0, 0, 8;
    %ix/load 3, 5, 0;
    %flag_set/imm 4, 0;
    %ix/load 4, 1, 0; Constant delay
    %assign/vec4/a/d v00000298cc039290, 0, 4;
    %pushi/vec4 0, 0, 8;
    %ix/load 3, 6, 0;
    %flag_set/imm 4, 0;
    %ix/load 4, 1, 0; Constant delay
    %assign/vec4/a/d v00000298cc039290, 0, 4;
    %pushi/vec4 0, 0, 8;
    %ix/load 3, 7, 0;
    %flag_set/imm 4, 0;
    %ix/load 4, 1, 0; Constant delay
    %assign/vec4/a/d v00000298cc039290, 0, 4;
    %jmp T_9.1;
T_9.0 ;
    %load/vec4 v00000298cc0396f0_0;
    %flag_set/vec4 8;
    %jmp/0xz  T_9.2, 8;
    %load/vec4 v00000298cc038d90_0;
    %load/vec4 v00000298cc0398d0_0;
    %pad/u 5;
    %ix/vec4 3;
    %ix/load 4, 1, 0; Constant delay
    %assign/vec4/a/d v00000298cc039290, 0, 4;
T_9.2 ;
T_9.1 ;
    %jmp T_9;
    .thread T_9;
    .scope S_00000298cc03ce40;
T_10 ;
    %wait E_00000298cbfc3e20;
    %delay 1, 0;
    %load/vec4 v00000298cc039f10_0;
    %inv;
    %addi 1, 0, 8;
    %store/vec4 v00000298cc039470_0, 0, 8;
    %jmp T_10;
    .thread T_10, $push;
    .scope S_00000298cc03c4e0;
T_11 ;
    %wait E_00000298cbfc42e0;
    %load/vec4 v00000298cc038e30_0;
    %flag_set/vec4 8;
    %jmp/0 T_11.0, 8;
    %load/vec4 v00000298cc039330_0;
    %jmp/1 T_11.1, 8;
T_11.0 ; End of true expr.
    %load/vec4 v00000298cc038ed0_0;
    %jmp/0 T_11.1, 8;
 ; End of false expr.
    %blend;
T_11.1;
    %store/vec4 v00000298cc0387f0_0, 0, 8;
    %jmp T_11;
    .thread T_11, $push;
    .scope S_00000298cbf64210;
T_12 ;
    %wait E_00000298cbfc3ce0;
    %load/vec4 v00000298cbfec540_0;
    %flag_set/vec4 8;
    %jmp/0 T_12.0, 8;
    %load/vec4 v00000298cbfec180_0;
    %jmp/1 T_12.1, 8;
T_12.0 ; End of true expr.
    %load/vec4 v00000298cbfed440_0;
    %jmp/0 T_12.1, 8;
 ; End of false expr.
    %blend;
T_12.1;
    %store/vec4 v00000298cbfec2c0_0, 0, 8;
    %jmp T_12;
    .thread T_12, $push;
    .scope S_00000298cbfee410;
T_13 ;
    %wait E_00000298cbfc4420;
    %load/vec4 v00000298cc036f60_0;
    %flag_set/vec4 8;
    %jmp/0 T_13.0, 8;
    %load/vec4 v00000298cc037820_0;
    %jmp/1 T_13.1, 8;
T_13.0 ; End of true expr.
    %load/vec4 v00000298cc036240_0;
    %jmp/0 T_13.1, 8;
 ; End of false expr.
    %blend;
T_13.1;
    %store/vec4 v00000298cc036a60_0, 0, 32;
    %jmp T_13;
    .thread T_13, $push;
    .scope S_00000298cbfedc40;
T_14 ;
    %wait E_00000298cbfc4c20;
    %load/vec4 v00000298cc036ba0_0;
    %flag_set/vec4 8;
    %jmp/0 T_14.0, 8;
    %load/vec4 v00000298cc0373c0_0;
    %jmp/1 T_14.1, 8;
T_14.0 ; End of true expr.
    %load/vec4 v00000298cc037b40_0;
    %jmp/0 T_14.1, 8;
 ; End of false expr.
    %blend;
T_14.1;
    %store/vec4 v00000298cc0366a0_0, 0, 32;
    %jmp T_14;
    .thread T_14, $push;
    .scope S_00000298cbf70930;
T_15 ;
    %wait E_00000298cbfc0d60;
    %load/vec4 v00000298cbfed260_0;
    %pad/u 32;
    %cmpi/u 0, 0, 32;
    %jmp/0xz  T_15.0, 5;
    %load/vec4 v00000298cbfbf3c0_0;
    %load/vec4 v00000298cbfed260_0;
    %sub;
    %store/vec4 v00000298cbfed620_0, 0, 8;
    %jmp T_15.1;
T_15.0 ;
    %load/vec4 v00000298cbfbf3c0_0;
    %load/vec4 v00000298cbfed260_0;
    %add;
    %store/vec4 v00000298cbfed620_0, 0, 8;
T_15.1 ;
    %jmp T_15;
    .thread T_15, $push;
    .scope S_00000298cbf60660;
T_16 ;
    %wait E_00000298cbfc13e0;
    %load/vec4 v00000298cbfec900_0;
    %store/vec4 v00000298cbfec360_0, 0, 8;
    %pushi/vec4 1, 0, 32;
    %store/vec4 v00000298cbfebbe0_0, 0, 32;
T_16.0 ;
    %load/vec4 v00000298cbfebbe0_0;
    %load/vec4 v00000298cbfebdc0_0;
    %pad/u 32;
    %cmp/u;
    %jmp/0xz T_16.1, 5;
    %load/vec4 v00000298cbfec360_0;
    %load/vec4 v00000298cbfec900_0;
    %add;
    %store/vec4 v00000298cbfec360_0, 0, 8;
    %load/vec4 v00000298cbfebbe0_0;
    %addi 1, 0, 32;
    %store/vec4 v00000298cbfebbe0_0, 0, 32;
    %jmp T_16.0;
T_16.1 ;
    %jmp T_16;
    .thread T_16, $push;
    .scope S_00000298cbf64080;
T_17 ;
    %wait E_00000298cbfc3fa0;
    %load/vec4 v00000298cbfebd20_0;
    %store/vec4 v00000298cbfecb80_0, 0, 8;
    %load/vec4 v00000298cbfed800_0;
    %parti/s 1, 7, 4;
    %nor/r;
    %flag_set/vec4 8;
    %jmp/0xz  T_17.0, 8;
    %load/vec4 v00000298cbfed800_0;
    %store/vec4 v00000298cbfecfe0_0, 0, 8;
    %pushi/vec4 0, 0, 32;
    %store/vec4 v00000298cbfeca40_0, 0, 32;
T_17.2 ;
    %load/vec4 v00000298cbfeca40_0;
    %load/vec4 v00000298cbfecfe0_0;
    %pad/u 32;
    %cmp/u;
    %jmp/0xz T_17.3, 5;
    %pushi/vec4 7, 0, 32;
    %store/vec4 v00000298cbfed3a0_0, 0, 32;
T_17.4 ;
    %load/vec4 v00000298cbfed3a0_0;
    %cmpi/s 0, 0, 32;
    %flag_inv 5; GE is !LT
    %jmp/0xz T_17.5, 5;
    %load/vec4 v00000298cbfecb80_0;
    %load/vec4 v00000298cbfed3a0_0;
    %subi 1, 0, 32;
    %part/s 1;
    %ix/getv/s 4, v00000298cbfed3a0_0;
    %store/vec4 v00000298cbfecb80_0, 4, 1;
    %load/vec4 v00000298cbfed3a0_0;
    %cmpi/e 0, 0, 32;
    %jmp/0xz  T_17.6, 4;
    %pushi/vec4 0, 0, 1;
    %ix/getv/s 4, v00000298cbfed3a0_0;
    %store/vec4 v00000298cbfecb80_0, 4, 1;
T_17.6 ;
    %load/vec4 v00000298cbfed3a0_0;
    %subi 1, 0, 32;
    %store/vec4 v00000298cbfed3a0_0, 0, 32;
    %jmp T_17.4;
T_17.5 ;
    %load/vec4 v00000298cbfeca40_0;
    %addi 1, 0, 32;
    %store/vec4 v00000298cbfeca40_0, 0, 32;
    %jmp T_17.2;
T_17.3 ;
    %jmp T_17.1;
T_17.0 ;
    %load/vec4 v00000298cbfed800_0;
    %parti/s 1, 7, 4;
    %flag_set/vec4 8;
    %jmp/0xz  T_17.8, 8;
    %load/vec4 v00000298cbfed800_0;
    %inv;
    %pushi/vec4 1, 0, 8;
    %add;
    %store/vec4 v00000298cbfecfe0_0, 0, 8;
    %pushi/vec4 0, 0, 32;
    %store/vec4 v00000298cbfeca40_0, 0, 32;
T_17.10 ;
    %load/vec4 v00000298cbfeca40_0;
    %load/vec4 v00000298cbfecfe0_0;
    %pad/u 32;
    %cmp/u;
    %jmp/0xz T_17.11, 5;
    %pushi/vec4 0, 0, 32;
    %store/vec4 v00000298cbfed3a0_0, 0, 32;
T_17.12 ;
    %load/vec4 v00000298cbfed3a0_0;
    %cmpi/s 8, 0, 32;
    %jmp/0xz T_17.13, 5;
    %load/vec4 v00000298cbfecb80_0;
    %load/vec4 v00000298cbfed3a0_0;
    %addi 1, 0, 32;
    %part/s 1;
    %ix/getv/s 4, v00000298cbfed3a0_0;
    %store/vec4 v00000298cbfecb80_0, 4, 1;
    %load/vec4 v00000298cbfed3a0_0;
    %cmpi/e 7, 0, 32;
    %jmp/0xz  T_17.14, 4;
    %pushi/vec4 0, 0, 1;
    %ix/getv/s 4, v00000298cbfed3a0_0;
    %store/vec4 v00000298cbfecb80_0, 4, 1;
T_17.14 ;
    %load/vec4 v00000298cbfed3a0_0;
    %addi 1, 0, 32;
    %store/vec4 v00000298cbfed3a0_0, 0, 32;
    %jmp T_17.12;
T_17.13 ;
    %load/vec4 v00000298cbfeca40_0;
    %addi 1, 0, 32;
    %store/vec4 v00000298cbfeca40_0, 0, 32;
    %jmp T_17.10;
T_17.11 ;
T_17.8 ;
T_17.1 ;
    %jmp T_17;
    .thread T_17, $push;
    .scope S_00000298cbe7e250;
T_18 ;
    %wait E_00000298cbfc4b60;
    %load/vec4 v00000298cbfed6c0_0;
    %store/vec4 v00000298cbfecea0_0, 0, 8;
    %load/vec4 v00000298cbfebaa0_0;
    %parti/s 1, 7, 4;
    %nor/r;
    %flag_set/vec4 8;
    %jmp/0xz  T_18.0, 8;
    %load/vec4 v00000298cbfebaa0_0;
    %store/vec4 v00000298cbfed080_0, 0, 8;
    %pushi/vec4 0, 0, 32;
    %store/vec4 v00000298cbfec5e0_0, 0, 32;
T_18.2 ;
    %load/vec4 v00000298cbfec5e0_0;
    %load/vec4 v00000298cbfed080_0;
    %pad/u 32;
    %cmp/u;
    %jmp/0xz T_18.3, 5;
    %pushi/vec4 7, 0, 32;
    %store/vec4 v00000298cbfed120_0, 0, 32;
T_18.4 ;
    %load/vec4 v00000298cbfed120_0;
    %cmpi/s 0, 0, 32;
    %flag_inv 5; GE is !LT
    %jmp/0xz T_18.5, 5;
    %load/vec4 v00000298cbfecea0_0;
    %load/vec4 v00000298cbfed120_0;
    %subi 1, 0, 32;
    %part/s 1;
    %ix/getv/s 4, v00000298cbfed120_0;
    %store/vec4 v00000298cbfecea0_0, 4, 1;
    %load/vec4 v00000298cbfed120_0;
    %cmpi/e 7, 0, 32;
    %jmp/0xz  T_18.6, 4;
    %load/vec4 v00000298cbfed6c0_0;
    %load/vec4 v00000298cbfed120_0;
    %part/s 1;
    %ix/getv/s 4, v00000298cbfed120_0;
    %store/vec4 v00000298cbfecea0_0, 4, 1;
T_18.6 ;
    %load/vec4 v00000298cbfed120_0;
    %cmpi/e 0, 0, 32;
    %jmp/0xz  T_18.8, 4;
    %pushi/vec4 0, 0, 1;
    %ix/getv/s 4, v00000298cbfed120_0;
    %store/vec4 v00000298cbfecea0_0, 4, 1;
T_18.8 ;
    %load/vec4 v00000298cbfed120_0;
    %subi 1, 0, 32;
    %store/vec4 v00000298cbfed120_0, 0, 32;
    %jmp T_18.4;
T_18.5 ;
    %load/vec4 v00000298cbfec5e0_0;
    %addi 1, 0, 32;
    %store/vec4 v00000298cbfec5e0_0, 0, 32;
    %jmp T_18.2;
T_18.3 ;
    %jmp T_18.1;
T_18.0 ;
    %load/vec4 v00000298cbfebaa0_0;
    %parti/s 1, 7, 4;
    %flag_set/vec4 8;
    %jmp/0xz  T_18.10, 8;
    %load/vec4 v00000298cbfebaa0_0;
    %inv;
    %pushi/vec4 1, 0, 8;
    %add;
    %store/vec4 v00000298cbfed080_0, 0, 8;
    %pushi/vec4 0, 0, 32;
    %store/vec4 v00000298cbfec5e0_0, 0, 32;
T_18.12 ;
    %load/vec4 v00000298cbfec5e0_0;
    %load/vec4 v00000298cbfed080_0;
    %pad/u 32;
    %cmp/u;
    %jmp/0xz T_18.13, 5;
    %pushi/vec4 0, 0, 32;
    %store/vec4 v00000298cbfed120_0, 0, 32;
T_18.14 ;
    %load/vec4 v00000298cbfed120_0;
    %cmpi/s 8, 0, 32;
    %jmp/0xz T_18.15, 5;
    %load/vec4 v00000298cbfecea0_0;
    %load/vec4 v00000298cbfed120_0;
    %addi 1, 0, 32;
    %part/s 1;
    %ix/getv/s 4, v00000298cbfed120_0;
    %store/vec4 v00000298cbfecea0_0, 4, 1;
    %load/vec4 v00000298cbfed120_0;
    %cmpi/e 7, 0, 32;
    %jmp/0xz  T_18.16, 4;
    %load/vec4 v00000298cbfed6c0_0;
    %load/vec4 v00000298cbfed120_0;
    %part/s 1;
    %ix/getv/s 4, v00000298cbfed120_0;
    %store/vec4 v00000298cbfecea0_0, 4, 1;
T_18.16 ;
    %load/vec4 v00000298cbfed120_0;
    %addi 1, 0, 32;
    %store/vec4 v00000298cbfed120_0, 0, 32;
    %jmp T_18.14;
T_18.15 ;
    %load/vec4 v00000298cbfec5e0_0;
    %addi 1, 0, 32;
    %store/vec4 v00000298cbfec5e0_0, 0, 32;
    %jmp T_18.12;
T_18.13 ;
T_18.10 ;
T_18.1 ;
    %jmp T_18;
    .thread T_18, $push;
    .scope S_00000298cbe7e0c0;
T_19 ;
    %wait E_00000298cbfc39e0;
    %load/vec4 v00000298cbfec9a0_0;
    %store/vec4 v00000298cbfebe60_0, 0, 8;
    %load/vec4 v00000298cbfeccc0_0;
    %parti/s 1, 7, 4;
    %nor/r;
    %flag_set/vec4 8;
    %jmp/0xz  T_19.0, 8;
    %load/vec4 v00000298cbfeccc0_0;
    %store/vec4 v00000298cbfec220_0, 0, 8;
    %pushi/vec4 0, 0, 32;
    %store/vec4 v00000298cbfec7c0_0, 0, 32;
T_19.2 ;
    %load/vec4 v00000298cbfec7c0_0;
    %load/vec4 v00000298cbfec220_0;
    %pad/u 32;
    %cmp/u;
    %jmp/0xz T_19.3, 5;
    %pushi/vec4 7, 0, 32;
    %store/vec4 v00000298cbfed580_0, 0, 32;
T_19.4 ;
    %load/vec4 v00000298cbfed580_0;
    %cmpi/s 0, 0, 32;
    %flag_inv 5; GE is !LT
    %jmp/0xz T_19.5, 5;
    %load/vec4 v00000298cbfed580_0;
    %cmpi/e 7, 0, 32;
    %jmp/0xz  T_19.6, 4;
    %load/vec4 v00000298cbfebe60_0;
    %load/vec4 v00000298cbfed580_0;
    %part/s 1;
    %store/vec4 v00000298cbfebf00_0, 0, 1;
    %load/vec4 v00000298cbfebe60_0;
    %load/vec4 v00000298cbfed580_0;
    %subi 1, 0, 32;
    %part/s 1;
    %ix/getv/s 4, v00000298cbfed580_0;
    %store/vec4 v00000298cbfebe60_0, 4, 1;
    %jmp T_19.7;
T_19.6 ;
    %load/vec4 v00000298cbfed580_0;
    %cmpi/e 0, 0, 32;
    %jmp/0xz  T_19.8, 4;
    %load/vec4 v00000298cbfebf00_0;
    %ix/getv/s 4, v00000298cbfed580_0;
    %store/vec4 v00000298cbfebe60_0, 4, 1;
    %jmp T_19.9;
T_19.8 ;
    %load/vec4 v00000298cbfebe60_0;
    %load/vec4 v00000298cbfed580_0;
    %subi 1, 0, 32;
    %part/s 1;
    %ix/getv/s 4, v00000298cbfed580_0;
    %store/vec4 v00000298cbfebe60_0, 4, 1;
T_19.9 ;
T_19.7 ;
    %load/vec4 v00000298cbfed580_0;
    %subi 1, 0, 32;
    %store/vec4 v00000298cbfed580_0, 0, 32;
    %jmp T_19.4;
T_19.5 ;
    %load/vec4 v00000298cbfec7c0_0;
    %addi 1, 0, 32;
    %store/vec4 v00000298cbfec7c0_0, 0, 32;
    %jmp T_19.2;
T_19.3 ;
    %jmp T_19.1;
T_19.0 ;
    %load/vec4 v00000298cbfeccc0_0;
    %parti/s 1, 7, 4;
    %flag_set/vec4 8;
    %jmp/0xz  T_19.10, 8;
    %load/vec4 v00000298cbfeccc0_0;
    %inv;
    %pushi/vec4 1, 0, 8;
    %add;
    %store/vec4 v00000298cbfec220_0, 0, 8;
    %pushi/vec4 0, 0, 32;
    %store/vec4 v00000298cbfec7c0_0, 0, 32;
T_19.12 ;
    %load/vec4 v00000298cbfec7c0_0;
    %load/vec4 v00000298cbfec220_0;
    %pad/u 32;
    %cmp/u;
    %jmp/0xz T_19.13, 5;
    %pushi/vec4 0, 0, 32;
    %store/vec4 v00000298cbfed580_0, 0, 32;
T_19.14 ;
    %load/vec4 v00000298cbfed580_0;
    %cmpi/s 8, 0, 32;
    %jmp/0xz T_19.15, 5;
    %load/vec4 v00000298cbfed580_0;
    %cmpi/e 0, 0, 32;
    %jmp/0xz  T_19.16, 4;
    %load/vec4 v00000298cbfebe60_0;
    %load/vec4 v00000298cbfed580_0;
    %part/s 1;
    %store/vec4 v00000298cbfebf00_0, 0, 1;
    %load/vec4 v00000298cbfebe60_0;
    %load/vec4 v00000298cbfed580_0;
    %addi 1, 0, 32;
    %part/s 1;
    %ix/getv/s 4, v00000298cbfed580_0;
    %store/vec4 v00000298cbfebe60_0, 4, 1;
    %jmp T_19.17;
T_19.16 ;
    %load/vec4 v00000298cbfed580_0;
    %cmpi/e 7, 0, 32;
    %jmp/0xz  T_19.18, 4;
    %load/vec4 v00000298cbfebf00_0;
    %ix/getv/s 4, v00000298cbfed580_0;
    %store/vec4 v00000298cbfebe60_0, 4, 1;
    %jmp T_19.19;
T_19.18 ;
    %load/vec4 v00000298cbfebe60_0;
    %load/vec4 v00000298cbfed580_0;
    %addi 1, 0, 32;
    %part/s 1;
    %ix/getv/s 4, v00000298cbfed580_0;
    %store/vec4 v00000298cbfebe60_0, 4, 1;
T_19.19 ;
T_19.17 ;
    %load/vec4 v00000298cbfed580_0;
    %addi 1, 0, 32;
    %store/vec4 v00000298cbfed580_0, 0, 32;
    %jmp T_19.14;
T_19.15 ;
    %load/vec4 v00000298cbfec7c0_0;
    %addi 1, 0, 32;
    %store/vec4 v00000298cbfec7c0_0, 0, 32;
    %jmp T_19.12;
T_19.13 ;
T_19.10 ;
T_19.1 ;
    %jmp T_19;
    .thread T_19, $push;
    .scope S_00000298cbf707a0;
T_20 ;
    %wait E_00000298cbfc17a0;
    %load/vec4 v00000298cbfed300_0;
    %nor/r;
    %flag_set/vec4 8;
    %jmp/0xz  T_20.0, 8;
    %pushi/vec4 1, 0, 1;
    %store/vec4 v00000298cbfed1c0_0, 0, 1;
    %jmp T_20.1;
T_20.0 ;
    %pushi/vec4 0, 0, 1;
    %store/vec4 v00000298cbfed1c0_0, 0, 1;
T_20.1 ;
    %jmp T_20;
    .thread T_20, $push;
    .scope S_00000298cbf707a0;
T_21 ;
    %wait E_00000298cbfc11e0;
    %load/vec4 v00000298cbfecd60_0;
    %dup/vec4;
    %pushi/vec4 0, 0, 3;
    %cmp/u;
    %jmp/1 T_21.0, 6;
    %dup/vec4;
    %pushi/vec4 1, 0, 3;
    %cmp/u;
    %jmp/1 T_21.1, 6;
    %dup/vec4;
    %pushi/vec4 2, 0, 3;
    %cmp/u;
    %jmp/1 T_21.2, 6;
    %dup/vec4;
    %pushi/vec4 3, 0, 3;
    %cmp/u;
    %jmp/1 T_21.3, 6;
    %dup/vec4;
    %pushi/vec4 4, 0, 3;
    %cmp/u;
    %jmp/1 T_21.4, 6;
    %dup/vec4;
    %pushi/vec4 5, 0, 3;
    %cmp/u;
    %jmp/1 T_21.5, 6;
    %dup/vec4;
    %pushi/vec4 6, 0, 3;
    %cmp/u;
    %jmp/1 T_21.6, 6;
    %dup/vec4;
    %pushi/vec4 7, 0, 3;
    %cmp/u;
    %jmp/1 T_21.7, 6;
    %jmp T_21.8;
T_21.0 ;
    %delay 1, 0;
    %load/vec4 v00000298cbfec040_0;
    %store/vec4 v00000298cbfebfa0_0, 0, 8;
    %jmp T_21.8;
T_21.1 ;
    %delay 2, 0;
    %load/vec4 v00000298cbfed300_0;
    %store/vec4 v00000298cbfebfa0_0, 0, 8;
    %jmp T_21.8;
T_21.2 ;
    %delay 1, 0;
    %load/vec4 v00000298cbfed760_0;
    %store/vec4 v00000298cbfebfa0_0, 0, 8;
    %jmp T_21.8;
T_21.3 ;
    %delay 1, 0;
    %load/vec4 v00000298cbfec400_0;
    %store/vec4 v00000298cbfebfa0_0, 0, 8;
    %jmp T_21.8;
T_21.4 ;
    %delay 2, 0;
    %load/vec4 v00000298cbfec0e0_0;
    %store/vec4 v00000298cbfebfa0_0, 0, 8;
    %jmp T_21.8;
T_21.5 ;
    %delay 2, 0;
    %load/vec4 v00000298cbfec4a0_0;
    %store/vec4 v00000298cbfebfa0_0, 0, 8;
    %jmp T_21.8;
T_21.6 ;
    %delay 2, 0;
    %load/vec4 v00000298cbfec720_0;
    %store/vec4 v00000298cbfebfa0_0, 0, 8;
    %jmp T_21.8;
T_21.7 ;
    %delay 2, 0;
    %load/vec4 v00000298cbfec680_0;
    %store/vec4 v00000298cbfebfa0_0, 0, 8;
    %jmp T_21.8;
T_21.8 ;
    %pop/vec4 1;
    %jmp T_21;
    .thread T_21, $push;
    .scope S_00000298cbfd9270;
T_22 ;
    %vpi_call 2 31 "$readmemb", "instr_mem.mem", v00000298cc03d140, 32'sb00000000000000000000000000000000, 32'sb00000000000000000000001111111111 {0 0 0};
    %end;
    .thread T_22;
    .scope S_00000298cbfd9270;
T_23 ;
    %vpi_call 2 46 "$dumpfile", "cpu_wavedata.vcd" {0 0 0};
    %vpi_call 2 47 "$dumpvars", 32'sb00000000000000000000000000000000, S_00000298cbfd9270 {0 0 0};
    %pushi/vec4 0, 0, 32;
    %store/vec4 v00000298cc03eb80_0, 0, 32;
T_23.0 ;
    %load/vec4 v00000298cc03eb80_0;
    %cmpi/s 8, 0, 32;
    %jmp/0xz T_23.1, 5;
    %vpi_call 2 50 "$dumpvars", 32'sb00000000000000000000000000000001, &A<v00000298cc039290, v00000298cc03eb80_0 > {0 0 0};
    %load/vec4 v00000298cc03eb80_0;
    %addi 1, 0, 32;
    %store/vec4 v00000298cc03eb80_0, 0, 32;
    %jmp T_23.0;
T_23.1 ;
    %pushi/vec4 0, 0, 1;
    %store/vec4 v00000298cc03d5a0_0, 0, 1;
    %pushi/vec4 0, 0, 1;
    %store/vec4 v00000298cc03dbe0_0, 0, 1;
    %pushi/vec4 1, 0, 1;
    %store/vec4 v00000298cc03dbe0_0, 0, 1;
    %delay 6, 0;
    %pushi/vec4 0, 0, 1;
    %store/vec4 v00000298cc03dbe0_0, 0, 1;
    %delay 300, 0;
    %vpi_call 2 62 "$finish" {0 0 0};
    %end;
    .thread T_23;
    .scope S_00000298cbfd9270;
T_24 ;
    %delay 4, 0;
    %load/vec4 v00000298cc03d5a0_0;
    %inv;
    %store/vec4 v00000298cc03d5a0_0, 0, 1;
    %jmp T_24;
    .thread T_24;
# The file index is used to find the file name in the following table.
:file_names 6;
    "N/A";
    "<interactive>";
    "cpu_tb.v";
    "./cpu.v";
    "./alu.v";
    "./reg_file.v";
