#! /c/Source/iverilog-install/bin/vvp
:ivl_version "12.0 (devel)" "(s20150603-1539-g2693dd32b)";
:ivl_delay_selection "TYPICAL";
:vpi_time_precision + 0;
:vpi_module "C:\iverilog\lib\ivl\system.vpi";
:vpi_module "C:\iverilog\lib\ivl\vhdl_sys.vpi";
:vpi_module "C:\iverilog\lib\ivl\vhdl_textio.vpi";
:vpi_module "C:\iverilog\lib\ivl\v2005_math.vpi";
:vpi_module "C:\iverilog\lib\ivl\va_math.vpi";
S_000002019d014390 .scope module, "dcache" "dcache" 2 11;
 .timescale 0 0;
    .port_info 0 /INPUT 1 "clock";
    .port_info 1 /INPUT 1 "reset";
    .port_info 2 /INPUT 1 "cpu_read";
    .port_info 3 /INPUT 1 "cpu_write";
    .port_info 4 /INPUT 8 "cpu_address";
    .port_info 5 /INPUT 8 "cpu_writedata";
    .port_info 6 /OUTPUT 8 "cpu_readdata";
    .port_info 7 /OUTPUT 1 "cpu_busywait";
    .port_info 8 /OUTPUT 1 "mem_read";
    .port_info 9 /OUTPUT 1 "mem_write";
    .port_info 10 /OUTPUT 6 "mem_address";
    .port_info 11 /OUTPUT 32 "mem_writedata";
    .port_info 12 /INPUT 32 "mem_readdata";
    .port_info 13 /INPUT 1 "mem_busywait";
P_000002019d030f60 .param/l "IDLE" 0 2 124, C4<000>;
P_000002019d030f98 .param/l "MEM_READ" 0 2 124, C4<001>;
P_000002019d030fd0 .param/l "MEM_WRITE" 0 2 124, C4<010>;
L_000002019d02b2b0 .functor AND 1, v000002019d08cf00_0, L_000002019d08d860, C4<1>, C4<1>;
L_000002019d0d0088 .functor BUFT 1, C4<00>, C4<0>, C4<0>, C4<0>;
v000002019d0096b0_0 .net *"_ivl_11", 1 0, L_000002019d0d0088;  1 drivers
v000002019cfc6c80_0 .var *"_ivl_21", 7 0; Local signal
v000002019d08bef0_0 .var *"_ivl_22", 7 0; Local signal
v000002019d08bb30_0 .var *"_ivl_23", 7 0; Local signal
v000002019d08bbd0_0 .var *"_ivl_24", 7 0; Local signal
v000002019d08b8b0_0 .var *"_ivl_27", 7 0; Local signal
v000002019d08ba90_0 .var *"_ivl_28", 7 0; Local signal
v000002019d08bc70_0 .var *"_ivl_29", 7 0; Local signal
v000002019d08b6d0_0 .var *"_ivl_30", 7 0; Local signal
v000002019d08b1d0_0 .net *"_ivl_6", 0 0, L_000002019d08d860;  1 drivers
v000002019d08bd10_0 .net *"_ivl_8", 4 0, L_000002019d08d900;  1 drivers
v000002019d08b810_0 .var "cache_write", 0 0;
v000002019d08b130 .array "cacheblock_array", 0 7, 31 0;
o000002019d033e38 .functor BUFZ 1, C4<z>; HiZ drive
v000002019d08bdb0_0 .net "clock", 0 0, o000002019d033e38;  0 drivers
o000002019d033e68 .functor BUFZ 8, C4<zzzzzzzz>; HiZ drive
v000002019d08b270_0 .net "cpu_address", 7 0, o000002019d033e68;  0 drivers
v000002019d08be50_0 .var "cpu_busywait", 0 0;
o000002019d033ec8 .functor BUFZ 1, C4<z>; HiZ drive
v000002019d08b630_0 .net "cpu_read", 0 0, o000002019d033ec8;  0 drivers
v000002019d08b590_0 .var "cpu_readdata", 7 0;
o000002019d033f28 .functor BUFZ 1, C4<z>; HiZ drive
v000002019d08b310_0 .net "cpu_write", 0 0, o000002019d033f28;  0 drivers
o000002019d033f58 .functor BUFZ 8, C4<zzzzzzzz>; HiZ drive
v000002019d08b770_0 .net "cpu_writedata", 7 0, o000002019d033f58;  0 drivers
v000002019d08b950 .array "dirty_array", 0 7, 0 0;
v000002019d08bf90_0 .net "hit", 0 0, L_000002019d02b2b0;  1 drivers
v000002019d08b9f0_0 .var/i "i", 31 0;
v000002019d08b090_0 .net "index", 2 0, L_000002019d08c960;  1 drivers
v000002019d08b3b0_0 .var "mem_address", 5 0;
o000002019d0341c8 .functor BUFZ 1, C4<z>; HiZ drive
v000002019d08b450_0 .net "mem_busywait", 0 0, o000002019d0341c8;  0 drivers
v000002019d08b4f0_0 .var "mem_read", 0 0;
o000002019d034228 .functor BUFZ 32, C4<zzzzzzzzzzzzzzzzzzzzzzzzzzzzzzzz>; HiZ drive
v000002019d08dd60_0 .net "mem_readdata", 31 0, o000002019d034228;  0 drivers
v000002019d08dc20_0 .var "mem_write", 0 0;
v000002019d08cc80_0 .var "mem_writedata", 31 0;
v000002019d08d540_0 .var "next_state", 2 0;
v000002019d08d180_0 .net "offset", 1 0, L_000002019d08cd20;  1 drivers
o000002019d034318 .functor BUFZ 1, C4<z>; HiZ drive
v000002019d08c820_0 .net "reset", 0 0, o000002019d034318;  0 drivers
v000002019d08d4a0_0 .var "state", 2 0;
v000002019d08c8c0_0 .net "tag", 2 0, L_000002019d08df40;  1 drivers
v000002019d08c3c0 .array "tagArray", 0 7, 2 0;
v000002019d08cf00_0 .var "tagmatch", 0 0;
v000002019d08c460 .array "valid_array", 0 7, 0 0;
E_000002019d02ff70/0 .event anyedge, v000002019d08c820_0;
E_000002019d02ff70/1 .event posedge, v000002019d08bdb0_0;
E_000002019d02ff70 .event/or E_000002019d02ff70/0, E_000002019d02ff70/1;
E_000002019d02f430/0 .event anyedge, v000002019d08d4a0_0, v000002019d08c8c0_0, v000002019d08b090_0, v000002019d08b450_0;
v000002019d08c3c0_0 .array/port v000002019d08c3c0, 0;
v000002019d08c3c0_1 .array/port v000002019d08c3c0, 1;
v000002019d08c3c0_2 .array/port v000002019d08c3c0, 2;
E_000002019d02f430/1 .event anyedge, v000002019d08dd60_0, v000002019d08c3c0_0, v000002019d08c3c0_1, v000002019d08c3c0_2;
v000002019d08c3c0_3 .array/port v000002019d08c3c0, 3;
v000002019d08c3c0_4 .array/port v000002019d08c3c0, 4;
v000002019d08c3c0_5 .array/port v000002019d08c3c0, 5;
v000002019d08c3c0_6 .array/port v000002019d08c3c0, 6;
E_000002019d02f430/2 .event anyedge, v000002019d08c3c0_3, v000002019d08c3c0_4, v000002019d08c3c0_5, v000002019d08c3c0_6;
v000002019d08c3c0_7 .array/port v000002019d08c3c0, 7;
v000002019d08b130_0 .array/port v000002019d08b130, 0;
v000002019d08b130_1 .array/port v000002019d08b130, 1;
v000002019d08b130_2 .array/port v000002019d08b130, 2;
E_000002019d02f430/3 .event anyedge, v000002019d08c3c0_7, v000002019d08b130_0, v000002019d08b130_1, v000002019d08b130_2;
v000002019d08b130_3 .array/port v000002019d08b130, 3;
v000002019d08b130_4 .array/port v000002019d08b130, 4;
v000002019d08b130_5 .array/port v000002019d08b130, 5;
v000002019d08b130_6 .array/port v000002019d08b130, 6;
E_000002019d02f430/4 .event anyedge, v000002019d08b130_3, v000002019d08b130_4, v000002019d08b130_5, v000002019d08b130_6;
v000002019d08b130_7 .array/port v000002019d08b130, 7;
E_000002019d02f430/5 .event anyedge, v000002019d08b130_7;
E_000002019d02f430 .event/or E_000002019d02f430/0, E_000002019d02f430/1, E_000002019d02f430/2, E_000002019d02f430/3, E_000002019d02f430/4, E_000002019d02f430/5;
E_000002019d02fa30/0 .event anyedge, v000002019d08d4a0_0, v000002019d08b630_0, v000002019d08b310_0, v000002019d08b090_0;
v000002019d08b950_0 .array/port v000002019d08b950, 0;
v000002019d08b950_1 .array/port v000002019d08b950, 1;
v000002019d08b950_2 .array/port v000002019d08b950, 2;
v000002019d08b950_3 .array/port v000002019d08b950, 3;
E_000002019d02fa30/1 .event anyedge, v000002019d08b950_0, v000002019d08b950_1, v000002019d08b950_2, v000002019d08b950_3;
v000002019d08b950_4 .array/port v000002019d08b950, 4;
v000002019d08b950_5 .array/port v000002019d08b950, 5;
v000002019d08b950_6 .array/port v000002019d08b950, 6;
v000002019d08b950_7 .array/port v000002019d08b950, 7;
E_000002019d02fa30/2 .event anyedge, v000002019d08b950_4, v000002019d08b950_5, v000002019d08b950_6, v000002019d08b950_7;
E_000002019d02fa30/3 .event anyedge, v000002019d08bf90_0, v000002019d08b450_0;
E_000002019d02fa30 .event/or E_000002019d02fa30/0, E_000002019d02fa30/1, E_000002019d02fa30/2, E_000002019d02fa30/3;
E_000002019d02fe70 .event posedge, v000002019d08bdb0_0;
E_000002019d02f630/0 .event anyedge, v000002019d08d180_0, v000002019d08b090_0, v000002019d08b130_0, v000002019d08b130_1;
E_000002019d02f630/1 .event anyedge, v000002019d08b130_2, v000002019d08b130_3, v000002019d08b130_4, v000002019d08b130_5;
E_000002019d02f630/2 .event anyedge, v000002019d08b130_6, v000002019d08b130_7;
E_000002019d02f630 .event/or E_000002019d02f630/0, E_000002019d02f630/1, E_000002019d02f630/2;
E_000002019d02f970/0 .event anyedge, v000002019d08c8c0_0, v000002019d08b090_0, v000002019d08c3c0_0, v000002019d08c3c0_1;
E_000002019d02f970/1 .event anyedge, v000002019d08c3c0_2, v000002019d08c3c0_3, v000002019d08c3c0_4, v000002019d08c3c0_5;
E_000002019d02f970/2 .event anyedge, v000002019d08c3c0_6, v000002019d08c3c0_7;
E_000002019d02f970 .event/or E_000002019d02f970/0, E_000002019d02f970/1, E_000002019d02f970/2;
E_000002019d02f130 .event anyedge, v000002019d08b310_0, v000002019d08b630_0;
L_000002019d08df40 .delay 3 (1,1,1) L_000002019d08df40/d;
L_000002019d08df40/d .part o000002019d033e68, 5, 3;
L_000002019d08c960 .delay 3 (1,1,1) L_000002019d08c960/d;
L_000002019d08c960/d .part o000002019d033e68, 2, 3;
L_000002019d08cd20 .delay 2 (1,1,1) L_000002019d08cd20/d;
L_000002019d08cd20/d .part o000002019d033e68, 0, 2;
L_000002019d08d860 .array/port v000002019d08c460, L_000002019d08d900;
L_000002019d08d900 .concat [ 3 2 0 0], L_000002019d08c960, L_000002019d0d0088;
    .scope S_000002019d014390;
T_0 ;
    %wait E_000002019d02f130;
    %load/vec4 v000002019d08b630_0;
    %flag_set/vec4 8;
    %jmp/1 T_0.2, 8;
    %load/vec4 v000002019d08b310_0;
    %flag_set/vec4 9;
    %flag_or 8, 9;
T_0.2;
    %jmp/0 T_0.0, 8;
    %pushi/vec4 1, 0, 2;
    %jmp/1 T_0.1, 8;
T_0.0 ; End of true expr.
    %pushi/vec4 0, 0, 2;
    %jmp/0 T_0.1, 8;
 ; End of false expr.
    %blend;
T_0.1;
    %pad/s 1;
    %store/vec4 v000002019d08be50_0, 0, 1;
    %load/vec4 v000002019d08b310_0;
    %pad/u 32;
    %cmpi/e 1, 0, 32;
    %jmp/0xz  T_0.3, 4;
    %pushi/vec4 1, 0, 1;
    %store/vec4 v000002019d08b810_0, 0, 1;
T_0.3 ;
    %jmp T_0;
    .thread T_0, $push;
    .scope S_000002019d014390;
T_1 ;
    %wait E_000002019d02f970;
    %delay 1, 0;
    %load/vec4 v000002019d08c8c0_0;
    %load/vec4 v000002019d08b090_0;
    %pad/u 5;
    %ix/vec4 4;
    %load/vec4a v000002019d08c3c0, 4;
    %cmp/e;
    %jmp/0xz  T_1.0, 4;
    %pushi/vec4 1, 0, 1;
    %store/vec4 v000002019d08cf00_0, 0, 1;
    %jmp T_1.1;
T_1.0 ;
    %pushi/vec4 0, 0, 1;
    %store/vec4 v000002019d08cf00_0, 0, 1;
T_1.1 ;
    %jmp T_1;
    .thread T_1, $push;
    .scope S_000002019d014390;
T_2 ;
    %wait E_000002019d02fe70;
    %load/vec4 v000002019d08bf90_0;
    %flag_set/vec4 8;
    %jmp/0xz  T_2.0, 8;
    %pushi/vec4 0, 0, 1;
    %store/vec4 v000002019d08be50_0, 0, 1;
    %load/vec4 v000002019d08b630_0;
    %flag_set/vec4 9;
    %flag_get/vec4 9;
    %jmp/0 T_2.4, 9;
    %load/vec4 v000002019d08b630_0;
    %nor/r;
    %and;
T_2.4;
    %flag_set/vec4 8;
    %jmp/0xz  T_2.2, 8;
    %pushi/vec4 0, 0, 1;
    %store/vec4 v000002019d08b810_0, 0, 1;
    %jmp T_2.3;
T_2.2 ;
    %load/vec4 v000002019d08b310_0;
    %flag_set/vec4 9;
    %flag_get/vec4 9;
    %jmp/0 T_2.7, 9;
    %load/vec4 v000002019d08b630_0;
    %nor/r;
    %and;
T_2.7;
    %flag_set/vec4 8;
    %jmp/0xz  T_2.5, 8;
    %pushi/vec4 1, 0, 1;
    %store/vec4 v000002019d08b810_0, 0, 1;
T_2.5 ;
T_2.3 ;
T_2.0 ;
    %jmp T_2;
    .thread T_2;
    .scope S_000002019d014390;
T_3 ;
    %wait E_000002019d02f630;
    %load/vec4 v000002019d08d180_0;
    %dup/vec4;
    %pushi/vec4 0, 0, 2;
    %cmp/u;
    %jmp/1 T_3.0, 6;
    %dup/vec4;
    %pushi/vec4 1, 0, 2;
    %cmp/u;
    %jmp/1 T_3.1, 6;
    %dup/vec4;
    %pushi/vec4 2, 0, 2;
    %cmp/u;
    %jmp/1 T_3.2, 6;
    %dup/vec4;
    %pushi/vec4 3, 0, 2;
    %cmp/u;
    %jmp/1 T_3.3, 6;
    %jmp T_3.4;
T_3.0 ;
    %load/vec4 v000002019d08b090_0;
    %pad/u 5;
    %ix/vec4 4;
    %load/vec4a v000002019d08b130, 4;
    %parti/s 8, 0, 2;
    %store/vec4 v000002019cfc6c80_0, 0, 8;
    %pushi/vec4 1, 0, 64;
    %ix/vec4 4;
    %delayx 4;
    %load/vec4 v000002019cfc6c80_0;
    %store/vec4 v000002019d08b590_0, 0, 8;
    %jmp T_3.4;
T_3.1 ;
    %load/vec4 v000002019d08b090_0;
    %pad/u 5;
    %ix/vec4 4;
    %load/vec4a v000002019d08b130, 4;
    %parti/s 8, 8, 5;
    %store/vec4 v000002019d08bef0_0, 0, 8;
    %pushi/vec4 1, 0, 64;
    %ix/vec4 4;
    %delayx 4;
    %load/vec4 v000002019d08bef0_0;
    %store/vec4 v000002019d08b590_0, 0, 8;
    %jmp T_3.4;
T_3.2 ;
    %load/vec4 v000002019d08b090_0;
    %pad/u 5;
    %ix/vec4 4;
    %load/vec4a v000002019d08b130, 4;
    %parti/s 8, 16, 6;
    %store/vec4 v000002019d08bb30_0, 0, 8;
    %pushi/vec4 1, 0, 64;
    %ix/vec4 4;
    %delayx 4;
    %load/vec4 v000002019d08bb30_0;
    %store/vec4 v000002019d08b590_0, 0, 8;
    %jmp T_3.4;
T_3.3 ;
    %load/vec4 v000002019d08b090_0;
    %pad/u 5;
    %ix/vec4 4;
    %load/vec4a v000002019d08b130, 4;
    %parti/s 8, 24, 6;
    %store/vec4 v000002019d08bbd0_0, 0, 8;
    %pushi/vec4 1, 0, 64;
    %ix/vec4 4;
    %delayx 4;
    %load/vec4 v000002019d08bbd0_0;
    %store/vec4 v000002019d08b590_0, 0, 8;
    %jmp T_3.4;
T_3.4 ;
    %pop/vec4 1;
    %jmp T_3;
    .thread T_3, $push;
    .scope S_000002019d014390;
T_4 ;
    %wait E_000002019d02fe70;
    %load/vec4 v000002019d08b810_0;
    %flag_set/vec4 9;
    %flag_get/vec4 9;
    %jmp/0 T_4.2, 9;
    %load/vec4 v000002019d08bf90_0;
    %and;
T_4.2;
    %flag_set/vec4 8;
    %jmp/0xz  T_4.0, 8;
    %load/vec4 v000002019d08d180_0;
    %dup/vec4;
    %pushi/vec4 0, 0, 2;
    %cmp/u;
    %jmp/1 T_4.3, 6;
    %dup/vec4;
    %pushi/vec4 1, 0, 2;
    %cmp/u;
    %jmp/1 T_4.4, 6;
    %dup/vec4;
    %pushi/vec4 2, 0, 2;
    %cmp/u;
    %jmp/1 T_4.5, 6;
    %dup/vec4;
    %pushi/vec4 3, 0, 2;
    %cmp/u;
    %jmp/1 T_4.6, 6;
    %jmp T_4.7;
T_4.3 ;
    %load/vec4 v000002019d08b770_0;
    %store/vec4 v000002019d08b8b0_0, 0, 8;
    %pushi/vec4 1, 0, 64;
    %ix/vec4 4;
    %delayx 4;
    %load/vec4 v000002019d08b8b0_0;
    %load/vec4 v000002019d08b090_0;
    %pad/u 5;
    %ix/vec4 4;
    %flag_mov 8, 4;
    %ix/load 5, 0, 0;
    %flag_set/imm 4, 0;
    %flag_or 4, 8;
    %store/vec4a v000002019d08b130, 4, 5;
    %jmp T_4.7;
T_4.4 ;
    %load/vec4 v000002019d08b770_0;
    %store/vec4 v000002019d08ba90_0, 0, 8;
    %pushi/vec4 1, 0, 64;
    %ix/vec4 4;
    %delayx 4;
    %load/vec4 v000002019d08ba90_0;
    %load/vec4 v000002019d08b090_0;
    %pad/u 5;
    %ix/vec4 4;
    %flag_mov 8, 4;
    %ix/load 5, 8, 0;
    %flag_set/imm 4, 0;
    %flag_or 4, 8;
    %store/vec4a v000002019d08b130, 4, 5;
    %jmp T_4.7;
T_4.5 ;
    %load/vec4 v000002019d08b770_0;
    %store/vec4 v000002019d08bc70_0, 0, 8;
    %pushi/vec4 1, 0, 64;
    %ix/vec4 4;
    %delayx 4;
    %load/vec4 v000002019d08bc70_0;
    %load/vec4 v000002019d08b090_0;
    %pad/u 5;
    %ix/vec4 4;
    %flag_mov 8, 4;
    %ix/load 5, 16, 0;
    %flag_set/imm 4, 0;
    %flag_or 4, 8;
    %store/vec4a v000002019d08b130, 4, 5;
    %jmp T_4.7;
T_4.6 ;
    %load/vec4 v000002019d08b770_0;
    %store/vec4 v000002019d08b6d0_0, 0, 8;
    %pushi/vec4 1, 0, 64;
    %ix/vec4 4;
    %delayx 4;
    %load/vec4 v000002019d08b6d0_0;
    %load/vec4 v000002019d08b090_0;
    %pad/u 5;
    %ix/vec4 4;
    %flag_mov 8, 4;
    %ix/load 5, 24, 0;
    %flag_set/imm 4, 0;
    %flag_or 4, 8;
    %store/vec4a v000002019d08b130, 4, 5;
    %jmp T_4.7;
T_4.7 ;
    %pop/vec4 1;
    %pushi/vec4 1, 0, 1;
    %load/vec4 v000002019d08b090_0;
    %pad/u 5;
    %ix/vec4 4;
    %store/vec4a v000002019d08b950, 4, 0;
    %pushi/vec4 0, 0, 1;
    %store/vec4 v000002019d08b810_0, 0, 1;
T_4.0 ;
    %jmp T_4;
    .thread T_4;
    .scope S_000002019d014390;
T_5 ;
    %wait E_000002019d02fa30;
    %load/vec4 v000002019d08d4a0_0;
    %dup/vec4;
    %pushi/vec4 0, 0, 3;
    %cmp/u;
    %jmp/1 T_5.0, 6;
    %dup/vec4;
    %pushi/vec4 1, 0, 3;
    %cmp/u;
    %jmp/1 T_5.1, 6;
    %dup/vec4;
    %pushi/vec4 2, 0, 3;
    %cmp/u;
    %jmp/1 T_5.2, 6;
    %jmp T_5.3;
T_5.0 ;
    %load/vec4 v000002019d08b630_0;
    %flag_set/vec4 10;
    %jmp/1 T_5.8, 10;
    %load/vec4 v000002019d08b310_0;
    %flag_set/vec4 11;
    %flag_or 10, 11;
T_5.8;
    %flag_get/vec4 10;
    %jmp/0 T_5.7, 10;
    %load/vec4 v000002019d08b090_0;
    %pad/u 5;
    %ix/vec4 4;
    %load/vec4a v000002019d08b950, 4;
    %nor/r;
    %and;
T_5.7;
    %flag_set/vec4 9;
    %flag_get/vec4 9;
    %jmp/0 T_5.6, 9;
    %load/vec4 v000002019d08bf90_0;
    %nor/r;
    %and;
T_5.6;
    %flag_set/vec4 8;
    %jmp/0xz  T_5.4, 8;
    %pushi/vec4 1, 0, 3;
    %store/vec4 v000002019d08d540_0, 0, 3;
    %jmp T_5.5;
T_5.4 ;
    %load/vec4 v000002019d08b630_0;
    %flag_set/vec4 10;
    %jmp/1 T_5.13, 10;
    %load/vec4 v000002019d08b310_0;
    %flag_set/vec4 11;
    %flag_or 10, 11;
T_5.13;
    %flag_get/vec4 10;
    %jmp/0 T_5.12, 10;
    %load/vec4 v000002019d08b090_0;
    %pad/u 5;
    %ix/vec4 4;
    %load/vec4a v000002019d08b950, 4;
    %and;
T_5.12;
    %flag_set/vec4 9;
    %flag_get/vec4 9;
    %jmp/0 T_5.11, 9;
    %load/vec4 v000002019d08bf90_0;
    %nor/r;
    %and;
T_5.11;
    %flag_set/vec4 8;
    %jmp/0xz  T_5.9, 8;
    %pushi/vec4 2, 0, 3;
    %store/vec4 v000002019d08d540_0, 0, 3;
    %jmp T_5.10;
T_5.9 ;
    %pushi/vec4 0, 0, 3;
    %store/vec4 v000002019d08d540_0, 0, 3;
T_5.10 ;
T_5.5 ;
    %jmp T_5.3;
T_5.1 ;
    %load/vec4 v000002019d08b450_0;
    %nor/r;
    %flag_set/vec4 8;
    %jmp/0xz  T_5.14, 8;
    %pushi/vec4 0, 0, 3;
    %store/vec4 v000002019d08d540_0, 0, 3;
    %jmp T_5.15;
T_5.14 ;
    %pushi/vec4 1, 0, 3;
    %store/vec4 v000002019d08d540_0, 0, 3;
T_5.15 ;
    %jmp T_5.3;
T_5.2 ;
    %load/vec4 v000002019d08b450_0;
    %nor/r;
    %flag_set/vec4 8;
    %jmp/0xz  T_5.16, 8;
    %pushi/vec4 1, 0, 3;
    %store/vec4 v000002019d08d540_0, 0, 3;
    %jmp T_5.17;
T_5.16 ;
    %pushi/vec4 2, 0, 3;
    %store/vec4 v000002019d08d540_0, 0, 3;
T_5.17 ;
    %jmp T_5.3;
T_5.3 ;
    %pop/vec4 1;
    %jmp T_5;
    .thread T_5, $push;
    .scope S_000002019d014390;
T_6 ;
    %wait E_000002019d02f430;
    %load/vec4 v000002019d08d4a0_0;
    %dup/vec4;
    %pushi/vec4 0, 0, 3;
    %cmp/u;
    %jmp/1 T_6.0, 6;
    %dup/vec4;
    %pushi/vec4 1, 0, 3;
    %cmp/u;
    %jmp/1 T_6.1, 6;
    %dup/vec4;
    %pushi/vec4 2, 0, 3;
    %cmp/u;
    %jmp/1 T_6.2, 6;
    %jmp T_6.3;
T_6.0 ;
    %pushi/vec4 0, 0, 1;
    %store/vec4 v000002019d08b4f0_0, 0, 1;
    %pushi/vec4 0, 0, 1;
    %store/vec4 v000002019d08dc20_0, 0, 1;
    %pushi/vec4 63, 63, 6;
    %store/vec4 v000002019d08b3b0_0, 0, 6;
    %pushi/vec4 255, 255, 32;
    %store/vec4 v000002019d08cc80_0, 0, 32;
    %pushi/vec4 0, 0, 1;
    %store/vec4 v000002019d08be50_0, 0, 1;
    %jmp T_6.3;
T_6.1 ;
    %pushi/vec4 1, 0, 1;
    %store/vec4 v000002019d08b4f0_0, 0, 1;
    %pushi/vec4 0, 0, 1;
    %store/vec4 v000002019d08dc20_0, 0, 1;
    %load/vec4 v000002019d08c8c0_0;
    %load/vec4 v000002019d08b090_0;
    %concat/vec4; draw_concat_vec4
    %store/vec4 v000002019d08b3b0_0, 0, 6;
    %pushi/vec4 4294967295, 4294967295, 32;
    %store/vec4 v000002019d08cc80_0, 0, 32;
    %pushi/vec4 1, 0, 1;
    %store/vec4 v000002019d08be50_0, 0, 1;
    %delay 1, 0;
    %load/vec4 v000002019d08b450_0;
    %pad/u 32;
    %cmpi/e 0, 0, 32;
    %jmp/0xz  T_6.4, 4;
    %load/vec4 v000002019d08dd60_0;
    %load/vec4 v000002019d08b090_0;
    %pad/u 5;
    %ix/vec4 4;
    %store/vec4a v000002019d08b130, 4, 0;
    %pushi/vec4 1, 0, 1;
    %load/vec4 v000002019d08b090_0;
    %pad/u 5;
    %ix/vec4 4;
    %store/vec4a v000002019d08c460, 4, 0;
    %load/vec4 v000002019d08c8c0_0;
    %load/vec4 v000002019d08b090_0;
    %pad/u 5;
    %ix/vec4 4;
    %store/vec4a v000002019d08c3c0, 4, 0;
T_6.4 ;
    %jmp T_6.3;
T_6.2 ;
    %pushi/vec4 0, 0, 1;
    %store/vec4 v000002019d08b4f0_0, 0, 1;
    %pushi/vec4 1, 0, 1;
    %store/vec4 v000002019d08dc20_0, 0, 1;
    %load/vec4 v000002019d08b090_0;
    %pad/u 5;
    %ix/vec4 4;
    %load/vec4a v000002019d08c3c0, 4;
    %load/vec4 v000002019d08b090_0;
    %concat/vec4; draw_concat_vec4
    %store/vec4 v000002019d08b3b0_0, 0, 6;
    %load/vec4 v000002019d08b090_0;
    %pad/u 5;
    %ix/vec4 4;
    %load/vec4a v000002019d08b130, 4;
    %store/vec4 v000002019d08cc80_0, 0, 32;
    %pushi/vec4 1, 0, 1;
    %store/vec4 v000002019d08be50_0, 0, 1;
    %load/vec4 v000002019d08b450_0;
    %pad/u 32;
    %cmpi/e 0, 0, 32;
    %jmp/0xz  T_6.6, 4;
    %pushi/vec4 0, 0, 1;
    %load/vec4 v000002019d08b090_0;
    %pad/u 5;
    %ix/vec4 4;
    %store/vec4a v000002019d08b950, 4, 0;
T_6.6 ;
    %jmp T_6.3;
T_6.3 ;
    %pop/vec4 1;
    %jmp T_6;
    .thread T_6, $push;
    .scope S_000002019d014390;
T_7 ;
    %wait E_000002019d02ff70;
    %load/vec4 v000002019d08c820_0;
    %flag_set/vec4 8;
    %jmp/0xz  T_7.0, 8;
    %pushi/vec4 0, 0, 3;
    %store/vec4 v000002019d08d4a0_0, 0, 3;
    %pushi/vec4 0, 0, 32;
    %store/vec4 v000002019d08b9f0_0, 0, 32;
T_7.2 ;
    %load/vec4 v000002019d08b9f0_0;
    %cmpi/s 7, 0, 32;
    %jmp/0xz T_7.3, 5;
    %pushi/vec4 0, 0, 1;
    %ix/getv/s 4, v000002019d08b9f0_0;
    %store/vec4a v000002019d08b950, 4, 0;
    %pushi/vec4 0, 0, 1;
    %ix/getv/s 4, v000002019d08b9f0_0;
    %store/vec4a v000002019d08c460, 4, 0;
    %load/vec4 v000002019d08b9f0_0;
    %addi 1, 0, 32;
    %store/vec4 v000002019d08b9f0_0, 0, 32;
    %jmp T_7.2;
T_7.3 ;
    %jmp T_7.1;
T_7.0 ;
    %load/vec4 v000002019d08d540_0;
    %store/vec4 v000002019d08d4a0_0, 0, 3;
T_7.1 ;
    %jmp T_7;
    .thread T_7;
    .scope S_000002019d014390;
T_8 ;
    %vpi_call 2 218 "$dumpfile", "cpu_wavedata1.vcd" {0 0 0};
    %pushi/vec4 0, 0, 32;
    %store/vec4 v000002019d08b9f0_0, 0, 32;
T_8.0 ;
    %load/vec4 v000002019d08b9f0_0;
    %cmpi/s 8, 0, 32;
    %jmp/0xz T_8.1, 5;
    %vpi_call 2 220 "$dumpvars", 32'sb00000000000000000000000000000001, &A<v000002019d08b130, v000002019d08b9f0_0 > {0 0 0};
    ; show_stmt_assign_vector: Get l-value for compressed += operand
    %load/vec4 v000002019d08b9f0_0;
    %pushi/vec4 1, 0, 32;
    %add;
    %store/vec4 v000002019d08b9f0_0, 0, 32;
    %jmp T_8.0;
T_8.1 ;
    %end;
    .thread T_8;
    .scope S_000002019d014390;
T_9 ;
    %vpi_call 2 225 "$dumpfile", "cpu_wavedata1.vcd" {0 0 0};
    %pushi/vec4 0, 0, 32;
    %store/vec4 v000002019d08b9f0_0, 0, 32;
T_9.0 ;
    %load/vec4 v000002019d08b9f0_0;
    %cmpi/s 8, 0, 32;
    %jmp/0xz T_9.1, 5;
    %vpi_call 2 227 "$dumpvars", 32'sb00000000000000000000000000000001, &A<v000002019d08c3c0, v000002019d08b9f0_0 > {0 0 0};
    ; show_stmt_assign_vector: Get l-value for compressed += operand
    %load/vec4 v000002019d08b9f0_0;
    %pushi/vec4 1, 0, 32;
    %add;
    %store/vec4 v000002019d08b9f0_0, 0, 32;
    %jmp T_9.0;
T_9.1 ;
    %end;
    .thread T_9;
    .scope S_000002019d014390;
T_10 ;
    %vpi_call 2 232 "$dumpfile", "cpu_wavedata1.vcd" {0 0 0};
    %pushi/vec4 0, 0, 32;
    %store/vec4 v000002019d08b9f0_0, 0, 32;
T_10.0 ;
    %load/vec4 v000002019d08b9f0_0;
    %cmpi/s 8, 0, 32;
    %jmp/0xz T_10.1, 5;
    %vpi_call 2 234 "$dumpvars", 32'sb00000000000000000000000000000001, &A<v000002019d08c460, v000002019d08b9f0_0 > {0 0 0};
    ; show_stmt_assign_vector: Get l-value for compressed += operand
    %load/vec4 v000002019d08b9f0_0;
    %pushi/vec4 1, 0, 32;
    %add;
    %store/vec4 v000002019d08b9f0_0, 0, 32;
    %jmp T_10.0;
T_10.1 ;
    %end;
    .thread T_10;
    .scope S_000002019d014390;
T_11 ;
    %vpi_call 2 239 "$dumpfile", "cpu_wavedata1.vcd" {0 0 0};
    %pushi/vec4 0, 0, 32;
    %store/vec4 v000002019d08b9f0_0, 0, 32;
T_11.0 ;
    %load/vec4 v000002019d08b9f0_0;
    %cmpi/s 8, 0, 32;
    %jmp/0xz T_11.1, 5;
    %vpi_call 2 241 "$dumpvars", 32'sb00000000000000000000000000000001, &A<v000002019d08b950, v000002019d08b9f0_0 > {0 0 0};
    ; show_stmt_assign_vector: Get l-value for compressed += operand
    %load/vec4 v000002019d08b9f0_0;
    %pushi/vec4 1, 0, 32;
    %add;
    %store/vec4 v000002019d08b9f0_0, 0, 32;
    %jmp T_11.0;
T_11.1 ;
    %end;
    .thread T_11;
# The file index is used to find the file name in the following table.
:file_names 3;
    "N/A";
    "<interactive>";
    "dcache.v";
