#! /c/Source/iverilog-install/bin/vvp
:ivl_version "12.0 (devel)" "(s20150603-1539-g2693dd32b)";
:ivl_delay_selection "TYPICAL";
:vpi_time_precision + 0;
:vpi_module "C:\iverilog\lib\ivl\system.vpi";
:vpi_module "C:\iverilog\lib\ivl\vhdl_sys.vpi";
:vpi_module "C:\iverilog\lib\ivl\vhdl_textio.vpi";
:vpi_module "C:\iverilog\lib\ivl\v2005_math.vpi";
:vpi_module "C:\iverilog\lib\ivl\va_math.vpi";
S_0000024a5f7e2720 .scope module, "icache" "icache" 2 1;
 .timescale 0 0;
    .port_info 0 /INPUT 32 "PC";
    .port_info 1 /OUTPUT 32 "INSTRUCTION";
    .port_info 2 /INPUT 1 "clock";
    .port_info 3 /INPUT 1 "reset";
    .port_info 4 /OUTPUT 1 "cpu_busywait";
    .port_info 5 /INPUT 1 "inst_busywait";
    .port_info 6 /OUTPUT 1 "read";
    .port_info 7 /INPUT 128 "readinst";
    .port_info 8 /OUTPUT 6 "address";
P_0000024a5f80c780 .param/l "IDLE" 0 2 68, C4<000>;
P_0000024a5f80c7b8 .param/l "MEM_READ" 0 2 68, C4<001>;
L_0000024a5f80a6a0 .functor AND 1, v0000024a5f87c110_0, L_0000024a5f87b670, C4<1>, C4<1>;
v0000024a5f80c010_0 .var "INSTRUCTION", 31 0;
o0000024a5f826f98 .functor BUFZ 32, C4<zzzzzzzzzzzzzzzzzzzzzzzzzzzzzzzz>; HiZ drive
v0000024a5f80bcf0_0 .net "PC", 31 0, o0000024a5f826f98;  0 drivers
L_0000024a5f87c418 .functor BUFT 1, C4<00>, C4<0>, C4<0>, C4<0>;
v0000024a5f80b6b0_0 .net *"_ivl_11", 1 0, L_0000024a5f87c418;  1 drivers
v0000024a5f80b930_0 .net *"_ivl_16", 2 0, L_0000024a5f87ba30;  1 drivers
v0000024a5f80c0b0_0 .net *"_ivl_18", 4 0, L_0000024a5f87c2f0;  1 drivers
L_0000024a5f87c460 .functor BUFT 1, C4<00>, C4<0>, C4<0>, C4<0>;
v0000024a5f80b890_0 .net *"_ivl_21", 1 0, L_0000024a5f87c460;  1 drivers
v0000024a5f80c290_0 .net *"_ivl_6", 0 0, L_0000024a5f87b670;  1 drivers
v0000024a5f80bc50_0 .net *"_ivl_8", 4 0, L_0000024a5f87b030;  1 drivers
v0000024a5f80c470_0 .var "address", 5 0;
v0000024a5f80b7f0 .array "cacheblock_array", 0 7, 127 0;
o0000024a5f827298 .functor BUFZ 1, C4<z>; HiZ drive
v0000024a5f80b9d0_0 .net "clock", 0 0, o0000024a5f827298;  0 drivers
v0000024a5f80c510_0 .var "cpu_busywait", 0 0;
v0000024a5f80c5b0_0 .net "hit", 0 0, L_0000024a5f80a6a0;  1 drivers
v0000024a5f80c150_0 .var/i "i", 31 0;
v0000024a5f80b750_0 .net "index", 2 0, L_0000024a5f87b5d0;  1 drivers
o0000024a5f827388 .functor BUFZ 1, C4<z>; HiZ drive
v0000024a5f80bd90_0 .net "inst_busywait", 0 0, o0000024a5f827388;  0 drivers
v0000024a5f80ba70_0 .var "next_state", 2 0;
v0000024a5f80c330_0 .net "offset", 3 0, L_0000024a5f87c250;  1 drivers
v0000024a5f80bb10_0 .var "read", 0 0;
o0000024a5f827448 .functor BUFZ 128, C4<zzzzzzzzzzzzzzzzzzzzzzzzzzzzzzzzzzzzzzzzzzzzzzzzzzzzzzzzzzzzzzzzzzzzzzzzzzzzzzzzzzzzzzzzzzzzzzzzzzzzzzzzzzzzzzzzzzzzzzzzzzzzzzzz>; HiZ drive
v0000024a5f80bbb0_0 .net "readinst", 127 0, o0000024a5f827448;  0 drivers
o0000024a5f827478 .functor BUFZ 1, C4<z>; HiZ drive
v0000024a5f80bed0_0 .net "reset", 0 0, o0000024a5f827478;  0 drivers
v0000024a5f80be30_0 .var "state", 2 0;
v0000024a5f80c1f0_0 .net "tag", 2 0, L_0000024a5f87bc10;  1 drivers
v0000024a5f87c1b0 .array "tagArray", 0 7, 2 0;
v0000024a5f87c110_0 .var "tagmatch", 0 0;
v0000024a5f87abd0 .array "valid_array", 0 7, 0 0;
E_0000024a5f805c70/0 .event anyedge, v0000024a5f80bed0_0;
E_0000024a5f805c70/1 .event posedge, v0000024a5f80b9d0_0;
E_0000024a5f805c70 .event/or E_0000024a5f805c70/0, E_0000024a5f805c70/1;
E_0000024a5f8058f0/0 .event anyedge, v0000024a5f80be30_0, v0000024a5f80c1f0_0, v0000024a5f80b750_0, v0000024a5f80bd90_0;
E_0000024a5f8058f0/1 .event anyedge, v0000024a5f80bbb0_0;
E_0000024a5f8058f0 .event/or E_0000024a5f8058f0/0, E_0000024a5f8058f0/1;
E_0000024a5f8060b0 .event anyedge, v0000024a5f80be30_0, v0000024a5f80c5b0_0, v0000024a5f80bd90_0;
E_0000024a5f805a70 .event anyedge, v0000024a5f80c5b0_0;
v0000024a5f80b7f0_0 .array/port v0000024a5f80b7f0, 0;
E_0000024a5f805930/0 .event anyedge, v0000024a5f80c5b0_0, v0000024a5f80c330_0, v0000024a5f80b750_0, v0000024a5f80b7f0_0;
v0000024a5f80b7f0_1 .array/port v0000024a5f80b7f0, 1;
v0000024a5f80b7f0_2 .array/port v0000024a5f80b7f0, 2;
v0000024a5f80b7f0_3 .array/port v0000024a5f80b7f0, 3;
v0000024a5f80b7f0_4 .array/port v0000024a5f80b7f0, 4;
E_0000024a5f805930/1 .event anyedge, v0000024a5f80b7f0_1, v0000024a5f80b7f0_2, v0000024a5f80b7f0_3, v0000024a5f80b7f0_4;
v0000024a5f80b7f0_5 .array/port v0000024a5f80b7f0, 5;
v0000024a5f80b7f0_6 .array/port v0000024a5f80b7f0, 6;
v0000024a5f80b7f0_7 .array/port v0000024a5f80b7f0, 7;
E_0000024a5f805930/2 .event anyedge, v0000024a5f80b7f0_5, v0000024a5f80b7f0_6, v0000024a5f80b7f0_7;
E_0000024a5f805930 .event/or E_0000024a5f805930/0, E_0000024a5f805930/1, E_0000024a5f805930/2;
E_0000024a5f805ab0 .event anyedge, v0000024a5f80c1f0_0, L_0000024a5f87ba30, v0000024a5f80b750_0;
L_0000024a5f87bc10 .delay 3 (1,1,1) L_0000024a5f87bc10/d;
L_0000024a5f87bc10/d .part o0000024a5f826f98, 7, 3;
L_0000024a5f87b5d0 .delay 3 (1,1,1) L_0000024a5f87b5d0/d;
L_0000024a5f87b5d0/d .part o0000024a5f826f98, 4, 3;
L_0000024a5f87c250 .delay 4 (1,1,1) L_0000024a5f87c250/d;
L_0000024a5f87c250/d .part o0000024a5f826f98, 0, 4;
L_0000024a5f87b670 .array/port v0000024a5f87abd0, L_0000024a5f87b030;
L_0000024a5f87b030 .concat [ 3 2 0 0], L_0000024a5f87b5d0, L_0000024a5f87c418;
L_0000024a5f87ba30 .array/port v0000024a5f87c1b0, L_0000024a5f87c2f0;
L_0000024a5f87c2f0 .concat [ 3 2 0 0], L_0000024a5f87b5d0, L_0000024a5f87c460;
    .scope S_0000024a5f7e2720;
T_0 ;
    %wait E_0000024a5f805ab0;
    %delay 1, 0;
    %load/vec4 v0000024a5f80c1f0_0;
    %load/vec4 v0000024a5f80b750_0;
    %pad/u 5;
    %ix/vec4 4;
    %load/vec4a v0000024a5f87c1b0, 4;
    %cmp/e;
    %jmp/0xz  T_0.0, 4;
    %pushi/vec4 1, 0, 1;
    %store/vec4 v0000024a5f87c110_0, 0, 1;
    %jmp T_0.1;
T_0.0 ;
    %pushi/vec4 0, 0, 1;
    %store/vec4 v0000024a5f87c110_0, 0, 1;
T_0.1 ;
    %jmp T_0;
    .thread T_0, $push;
    .scope S_0000024a5f7e2720;
T_1 ;
    %wait E_0000024a5f805930;
    %load/vec4 v0000024a5f80c5b0_0;
    %flag_set/vec4 8;
    %jmp/0xz  T_1.0, 8;
    %load/vec4 v0000024a5f80c330_0;
    %dup/vec4;
    %pushi/vec4 0, 0, 4;
    %cmp/u;
    %jmp/1 T_1.2, 6;
    %dup/vec4;
    %pushi/vec4 4, 0, 4;
    %cmp/u;
    %jmp/1 T_1.3, 6;
    %dup/vec4;
    %pushi/vec4 8, 0, 4;
    %cmp/u;
    %jmp/1 T_1.4, 6;
    %dup/vec4;
    %pushi/vec4 12, 0, 4;
    %cmp/u;
    %jmp/1 T_1.5, 6;
    %jmp T_1.6;
T_1.2 ;
    %load/vec4 v0000024a5f80b750_0;
    %pad/u 5;
    %ix/vec4 4;
    %load/vec4a v0000024a5f80b7f0, 4;
    %parti/s 32, 0, 2;
    %store/vec4 v0000024a5f80c010_0, 0, 32;
    %jmp T_1.6;
T_1.3 ;
    %load/vec4 v0000024a5f80b750_0;
    %pad/u 5;
    %ix/vec4 4;
    %load/vec4a v0000024a5f80b7f0, 4;
    %parti/s 32, 32, 7;
    %store/vec4 v0000024a5f80c010_0, 0, 32;
    %jmp T_1.6;
T_1.4 ;
    %load/vec4 v0000024a5f80b750_0;
    %pad/u 5;
    %ix/vec4 4;
    %load/vec4a v0000024a5f80b7f0, 4;
    %parti/s 32, 64, 8;
    %store/vec4 v0000024a5f80c010_0, 0, 32;
    %jmp T_1.6;
T_1.5 ;
    %load/vec4 v0000024a5f80b750_0;
    %pad/u 5;
    %ix/vec4 4;
    %load/vec4a v0000024a5f80b7f0, 4;
    %parti/s 32, 96, 8;
    %store/vec4 v0000024a5f80c010_0, 0, 32;
    %jmp T_1.6;
T_1.6 ;
    %pop/vec4 1;
T_1.0 ;
    %jmp T_1;
    .thread T_1, $push;
    .scope S_0000024a5f7e2720;
T_2 ;
    %wait E_0000024a5f805a70;
    %load/vec4 v0000024a5f80c5b0_0;
    %flag_set/vec4 8;
    %jmp/0xz  T_2.0, 8;
    %pushi/vec4 0, 0, 1;
    %store/vec4 v0000024a5f80c510_0, 0, 1;
    %jmp T_2.1;
T_2.0 ;
    %pushi/vec4 1, 0, 1;
    %store/vec4 v0000024a5f80c510_0, 0, 1;
T_2.1 ;
    %jmp T_2;
    .thread T_2, $push;
    .scope S_0000024a5f7e2720;
T_3 ;
    %wait E_0000024a5f8060b0;
    %load/vec4 v0000024a5f80be30_0;
    %dup/vec4;
    %pushi/vec4 0, 0, 3;
    %cmp/u;
    %jmp/1 T_3.0, 6;
    %dup/vec4;
    %pushi/vec4 1, 0, 3;
    %cmp/u;
    %jmp/1 T_3.1, 6;
    %jmp T_3.2;
T_3.0 ;
    %load/vec4 v0000024a5f80c5b0_0;
    %nor/r;
    %flag_set/vec4 8;
    %jmp/0xz  T_3.3, 8;
    %pushi/vec4 1, 0, 3;
    %store/vec4 v0000024a5f80ba70_0, 0, 3;
    %jmp T_3.4;
T_3.3 ;
    %pushi/vec4 0, 0, 3;
    %store/vec4 v0000024a5f80ba70_0, 0, 3;
T_3.4 ;
    %jmp T_3.2;
T_3.1 ;
    %load/vec4 v0000024a5f80bd90_0;
    %nor/r;
    %flag_set/vec4 8;
    %jmp/0xz  T_3.5, 8;
    %pushi/vec4 0, 0, 3;
    %store/vec4 v0000024a5f80ba70_0, 0, 3;
    %jmp T_3.6;
T_3.5 ;
    %pushi/vec4 1, 0, 3;
    %store/vec4 v0000024a5f80ba70_0, 0, 3;
T_3.6 ;
    %jmp T_3.2;
T_3.2 ;
    %pop/vec4 1;
    %jmp T_3;
    .thread T_3, $push;
    .scope S_0000024a5f7e2720;
T_4 ;
    %wait E_0000024a5f8058f0;
    %load/vec4 v0000024a5f80be30_0;
    %dup/vec4;
    %pushi/vec4 0, 0, 3;
    %cmp/u;
    %jmp/1 T_4.0, 6;
    %dup/vec4;
    %pushi/vec4 1, 0, 3;
    %cmp/u;
    %jmp/1 T_4.1, 6;
    %jmp T_4.2;
T_4.0 ;
    %pushi/vec4 0, 0, 1;
    %store/vec4 v0000024a5f80bb10_0, 0, 1;
    %pushi/vec4 63, 63, 6;
    %store/vec4 v0000024a5f80c470_0, 0, 6;
    %pushi/vec4 0, 0, 1;
    %store/vec4 v0000024a5f80c510_0, 0, 1;
    %jmp T_4.2;
T_4.1 ;
    %pushi/vec4 1, 0, 1;
    %store/vec4 v0000024a5f80bb10_0, 0, 1;
    %load/vec4 v0000024a5f80c1f0_0;
    %load/vec4 v0000024a5f80b750_0;
    %concat/vec4; draw_concat_vec4
    %store/vec4 v0000024a5f80c470_0, 0, 6;
    %pushi/vec4 1, 0, 1;
    %store/vec4 v0000024a5f80c510_0, 0, 1;
    %delay 1, 0;
    %load/vec4 v0000024a5f80bd90_0;
    %pad/u 32;
    %cmpi/e 0, 0, 32;
    %jmp/0xz  T_4.3, 4;
    %load/vec4 v0000024a5f80bbb0_0;
    %load/vec4 v0000024a5f80b750_0;
    %pad/u 5;
    %ix/vec4 4;
    %store/vec4a v0000024a5f80b7f0, 4, 0;
    %pushi/vec4 1, 0, 1;
    %load/vec4 v0000024a5f80b750_0;
    %pad/u 5;
    %ix/vec4 4;
    %store/vec4a v0000024a5f87abd0, 4, 0;
    %load/vec4 v0000024a5f80c1f0_0;
    %load/vec4 v0000024a5f80b750_0;
    %pad/u 5;
    %ix/vec4 4;
    %store/vec4a v0000024a5f87c1b0, 4, 0;
T_4.3 ;
    %jmp T_4.2;
T_4.2 ;
    %pop/vec4 1;
    %jmp T_4;
    .thread T_4, $push;
    .scope S_0000024a5f7e2720;
T_5 ;
    %wait E_0000024a5f805c70;
    %load/vec4 v0000024a5f80bed0_0;
    %flag_set/vec4 8;
    %jmp/0xz  T_5.0, 8;
    %pushi/vec4 0, 0, 3;
    %store/vec4 v0000024a5f80be30_0, 0, 3;
    %pushi/vec4 0, 0, 32;
    %store/vec4 v0000024a5f80c150_0, 0, 32;
T_5.2 ;
    %load/vec4 v0000024a5f80c150_0;
    %cmpi/s 8, 0, 32;
    %jmp/0xz T_5.3, 5;
    %pushi/vec4 0, 0, 1;
    %ix/getv/s 4, v0000024a5f80c150_0;
    %store/vec4a v0000024a5f87abd0, 4, 0;
    %load/vec4 v0000024a5f80c150_0;
    %addi 1, 0, 32;
    %store/vec4 v0000024a5f80c150_0, 0, 32;
    %jmp T_5.2;
T_5.3 ;
    %jmp T_5.1;
T_5.0 ;
    %load/vec4 v0000024a5f80ba70_0;
    %store/vec4 v0000024a5f80be30_0, 0, 3;
T_5.1 ;
    %jmp T_5;
    .thread T_5;
    .scope S_0000024a5f7e2720;
T_6 ;
    %vpi_call 2 127 "$dumpfile", "cpu_wavedata1.vcd" {0 0 0};
    %pushi/vec4 0, 0, 32;
    %store/vec4 v0000024a5f80c150_0, 0, 32;
T_6.0 ;
    %load/vec4 v0000024a5f80c150_0;
    %cmpi/s 8, 0, 32;
    %jmp/0xz T_6.1, 5;
    %vpi_call 2 129 "$dumpvars", 32'sb00000000000000000000000000000001, &A<v0000024a5f80b7f0, v0000024a5f80c150_0 > {0 0 0};
    ; show_stmt_assign_vector: Get l-value for compressed += operand
    %load/vec4 v0000024a5f80c150_0;
    %pushi/vec4 1, 0, 32;
    %add;
    %store/vec4 v0000024a5f80c150_0, 0, 32;
    %jmp T_6.0;
T_6.1 ;
    %end;
    .thread T_6;
    .scope S_0000024a5f7e2720;
T_7 ;
    %vpi_call 2 134 "$dumpfile", "cpu_wavedata1.vcd" {0 0 0};
    %pushi/vec4 0, 0, 32;
    %store/vec4 v0000024a5f80c150_0, 0, 32;
T_7.0 ;
    %load/vec4 v0000024a5f80c150_0;
    %cmpi/s 8, 0, 32;
    %jmp/0xz T_7.1, 5;
    %vpi_call 2 136 "$dumpvars", 32'sb00000000000000000000000000000001, &A<v0000024a5f87c1b0, v0000024a5f80c150_0 > {0 0 0};
    ; show_stmt_assign_vector: Get l-value for compressed += operand
    %load/vec4 v0000024a5f80c150_0;
    %pushi/vec4 1, 0, 32;
    %add;
    %store/vec4 v0000024a5f80c150_0, 0, 32;
    %jmp T_7.0;
T_7.1 ;
    %end;
    .thread T_7;
    .scope S_0000024a5f7e2720;
T_8 ;
    %vpi_call 2 141 "$dumpfile", "cpu_wavedata1.vcd" {0 0 0};
    %pushi/vec4 0, 0, 32;
    %store/vec4 v0000024a5f80c150_0, 0, 32;
T_8.0 ;
    %load/vec4 v0000024a5f80c150_0;
    %cmpi/s 8, 0, 32;
    %jmp/0xz T_8.1, 5;
    %vpi_call 2 143 "$dumpvars", 32'sb00000000000000000000000000000001, &A<v0000024a5f87abd0, v0000024a5f80c150_0 > {0 0 0};
    ; show_stmt_assign_vector: Get l-value for compressed += operand
    %load/vec4 v0000024a5f80c150_0;
    %pushi/vec4 1, 0, 32;
    %add;
    %store/vec4 v0000024a5f80c150_0, 0, 32;
    %jmp T_8.0;
T_8.1 ;
    %end;
    .thread T_8;
# The file index is used to find the file name in the following table.
:file_names 3;
    "N/A";
    "<interactive>";
    "icache.v";
