#! /c/Source/iverilog-install/bin/vvp
:ivl_version "12.0 (devel)" "(s20150603-1539-g2693dd32b)";
:ivl_delay_selection "TYPICAL";
:vpi_time_precision + 0;
:vpi_module "C:\iverilog\lib\ivl\system.vpi";
:vpi_module "C:\iverilog\lib\ivl\vhdl_sys.vpi";
:vpi_module "C:\iverilog\lib\ivl\vhdl_textio.vpi";
:vpi_module "C:\iverilog\lib\ivl\v2005_math.vpi";
:vpi_module "C:\iverilog\lib\ivl\va_math.vpi";
S_00000182a82126e0 .scope module, "instruction_memory" "instruction_memory" 2 12;
 .timescale 0 0;
    .port_info 0 /INPUT 1 "clock";
    .port_info 1 /INPUT 1 "read";
    .port_info 2 /INPUT 6 "address";
    .port_info 3 /OUTPUT 128 "readinst";
    .port_info 4 /OUTPUT 1 "busywait";
v00000182a8212870_0 .var *"_ivl_10", 7 0; Local signal
v00000182a8212910_0 .var *"_ivl_11", 7 0; Local signal
v00000182a82129b0_0 .var *"_ivl_12", 7 0; Local signal
v00000182a8212a50_0 .var *"_ivl_13", 7 0; Local signal
v00000182a8212af0_0 .var *"_ivl_14", 7 0; Local signal
v00000182a8244570_0 .var *"_ivl_15", 7 0; Local signal
v00000182a8244610_0 .var *"_ivl_16", 7 0; Local signal
v00000182a82446b0_0 .var *"_ivl_17", 7 0; Local signal
v00000182a8244750_0 .var *"_ivl_2", 7 0; Local signal
v00000182a829e440_0 .var *"_ivl_3", 7 0; Local signal
v00000182a829e4e0_0 .var *"_ivl_4", 7 0; Local signal
v00000182a829e580_0 .var *"_ivl_5", 7 0; Local signal
v00000182a829e620_0 .var *"_ivl_6", 7 0; Local signal
v00000182a829e6c0_0 .var *"_ivl_7", 7 0; Local signal
v00000182a829ef30_0 .var *"_ivl_8", 7 0; Local signal
v00000182a829e990_0 .var *"_ivl_9", 7 0; Local signal
o00000182a82502a8 .functor BUFZ 6, C4<zzzzzz>; HiZ drive
v00000182a829f6b0_0 .net "address", 5 0, o00000182a82502a8;  0 drivers
v00000182a829e7b0_0 .var "busywait", 0 0;
o00000182a8250308 .functor BUFZ 1, C4<z>; HiZ drive
v00000182a829edf0_0 .net "clock", 0 0, o00000182a8250308;  0 drivers
v00000182a829f1b0_0 .var/i "i", 31 0;
v00000182a829ee90 .array "memory_array", 0 1023, 7 0;
o00000182a8250368 .functor BUFZ 1, C4<z>; HiZ drive
v00000182a829e850_0 .net "read", 0 0, o00000182a8250368;  0 drivers
v00000182a829e8f0_0 .var "readaccess", 0 0;
v00000182a829eb70_0 .var "readinst", 127 0;
E_00000182a823f2c0 .event posedge, v00000182a829edf0_0;
E_00000182a823e5c0 .event anyedge, v00000182a829e850_0;
    .scope S_00000182a82126e0;
T_0 ;
    %pushi/vec4 0, 0, 1;
    %store/vec4 v00000182a829e7b0_0, 0, 1;
    %pushi/vec4 0, 0, 1;
    %store/vec4 v00000182a829e8f0_0, 0, 1;
    %pushi/vec4 262169, 0, 32;
    %split/vec4 8;
    %ix/load 4, 0, 0;
    %flag_set/imm 4, 0;
    %store/vec4a v00000182a829ee90, 4, 0;
    %split/vec4 8;
    %ix/load 4, 1, 0;
    %flag_set/imm 4, 0;
    %store/vec4a v00000182a829ee90, 4, 0;
    %split/vec4 8;
    %ix/load 4, 2, 0;
    %flag_set/imm 4, 0;
    %store/vec4a v00000182a829ee90, 4, 0;
    %ix/load 4, 3, 0;
    %flag_set/imm 4, 0;
    %store/vec4a v00000182a829ee90, 4, 0;
    %pushi/vec4 327715, 0, 32;
    %split/vec4 8;
    %ix/load 4, 4, 0;
    %flag_set/imm 4, 0;
    %store/vec4a v00000182a829ee90, 4, 0;
    %split/vec4 8;
    %ix/load 4, 5, 0;
    %flag_set/imm 4, 0;
    %store/vec4a v00000182a829ee90, 4, 0;
    %split/vec4 8;
    %ix/load 4, 6, 0;
    %flag_set/imm 4, 0;
    %store/vec4a v00000182a829ee90, 4, 0;
    %ix/load 4, 7, 0;
    %flag_set/imm 4, 0;
    %store/vec4a v00000182a829ee90, 4, 0;
    %pushi/vec4 33948677, 0, 32;
    %split/vec4 8;
    %ix/load 4, 8, 0;
    %flag_set/imm 4, 0;
    %store/vec4a v00000182a829ee90, 4, 0;
    %split/vec4 8;
    %ix/load 4, 9, 0;
    %flag_set/imm 4, 0;
    %store/vec4a v00000182a829ee90, 4, 0;
    %split/vec4 8;
    %ix/load 4, 10, 0;
    %flag_set/imm 4, 0;
    %store/vec4a v00000182a829ee90, 4, 0;
    %ix/load 4, 11, 0;
    %flag_set/imm 4, 0;
    %store/vec4a v00000182a829ee90, 4, 0;
    %pushi/vec4 65626, 0, 32;
    %split/vec4 8;
    %ix/load 4, 12, 0;
    %flag_set/imm 4, 0;
    %store/vec4a v00000182a829ee90, 4, 0;
    %split/vec4 8;
    %ix/load 4, 13, 0;
    %flag_set/imm 4, 0;
    %store/vec4a v00000182a829ee90, 4, 0;
    %split/vec4 8;
    %ix/load 4, 14, 0;
    %flag_set/imm 4, 0;
    %store/vec4a v00000182a829ee90, 4, 0;
    %ix/load 4, 15, 0;
    %flag_set/imm 4, 0;
    %store/vec4a v00000182a829ee90, 4, 0;
    %pushi/vec4 50397444, 0, 32;
    %split/vec4 8;
    %ix/load 4, 16, 0;
    %flag_set/imm 4, 0;
    %store/vec4a v00000182a829ee90, 4, 0;
    %split/vec4 8;
    %ix/load 4, 17, 0;
    %flag_set/imm 4, 0;
    %store/vec4a v00000182a829ee90, 4, 0;
    %split/vec4 8;
    %ix/load 4, 18, 0;
    %flag_set/imm 4, 0;
    %store/vec4a v00000182a829ee90, 4, 0;
    %ix/load 4, 19, 0;
    %flag_set/imm 4, 0;
    %store/vec4a v00000182a829ee90, 4, 0;
    %pushi/vec4 0, 0, 32;
    %store/vec4 v00000182a829f1b0_0, 0, 32;
T_0.0 ;
    %load/vec4 v00000182a829f1b0_0;
    %cmpi/s 1023, 0, 32;
    %jmp/0xz T_0.1, 5;
    %vpi_call 2 46 "$dumpvars", 32'sb00000000000000000000000000000001, &A<v00000182a829ee90, v00000182a829f1b0_0 > {0 0 0};
    %load/vec4 v00000182a829f1b0_0;
    %addi 1, 0, 32;
    %store/vec4 v00000182a829f1b0_0, 0, 32;
    %jmp T_0.0;
T_0.1 ;
    %end;
    .thread T_0;
    .scope S_00000182a82126e0;
T_1 ;
    %wait E_00000182a823e5c0;
    %load/vec4 v00000182a829e850_0;
    %flag_set/vec4 8;
    %jmp/0 T_1.0, 8;
    %pushi/vec4 1, 0, 2;
    %jmp/1 T_1.1, 8;
T_1.0 ; End of true expr.
    %pushi/vec4 0, 0, 2;
    %jmp/0 T_1.1, 8;
 ; End of false expr.
    %blend;
T_1.1;
    %pad/s 1;
    %store/vec4 v00000182a829e7b0_0, 0, 1;
    %load/vec4 v00000182a829e850_0;
    %flag_set/vec4 8;
    %jmp/0 T_1.2, 8;
    %pushi/vec4 1, 0, 2;
    %jmp/1 T_1.3, 8;
T_1.2 ; End of true expr.
    %pushi/vec4 0, 0, 2;
    %jmp/0 T_1.3, 8;
 ; End of false expr.
    %blend;
T_1.3;
    %pad/s 1;
    %store/vec4 v00000182a829e8f0_0, 0, 1;
    %jmp T_1;
    .thread T_1, $push;
    .scope S_00000182a82126e0;
T_2 ;
    %wait E_00000182a823f2c0;
    %load/vec4 v00000182a829e8f0_0;
    %flag_set/vec4 8;
    %jmp/0xz  T_2.0, 8;
    %load/vec4 v00000182a829f6b0_0;
    %concati/vec4 0, 0, 4;
    %pad/u 12;
    %ix/vec4 4;
    %load/vec4a v00000182a829ee90, 4;
    %store/vec4 v00000182a8244750_0, 0, 8;
    %pushi/vec4 40, 0, 64;
    %ix/vec4 4;
    %delayx 4;
    %load/vec4 v00000182a8244750_0;
    %ix/load 4, 0, 0;
    %flag_set/imm 4, 0;
    %store/vec4 v00000182a829eb70_0, 4, 8;
    %load/vec4 v00000182a829f6b0_0;
    %concati/vec4 1, 0, 4;
    %pad/u 12;
    %ix/vec4 4;
    %load/vec4a v00000182a829ee90, 4;
    %store/vec4 v00000182a829e440_0, 0, 8;
    %pushi/vec4 40, 0, 64;
    %ix/vec4 4;
    %delayx 4;
    %load/vec4 v00000182a829e440_0;
    %ix/load 4, 8, 0;
    %flag_set/imm 4, 0;
    %store/vec4 v00000182a829eb70_0, 4, 8;
    %load/vec4 v00000182a829f6b0_0;
    %concati/vec4 2, 0, 4;
    %pad/u 12;
    %ix/vec4 4;
    %load/vec4a v00000182a829ee90, 4;
    %store/vec4 v00000182a829e4e0_0, 0, 8;
    %pushi/vec4 40, 0, 64;
    %ix/vec4 4;
    %delayx 4;
    %load/vec4 v00000182a829e4e0_0;
    %ix/load 4, 16, 0;
    %flag_set/imm 4, 0;
    %store/vec4 v00000182a829eb70_0, 4, 8;
    %load/vec4 v00000182a829f6b0_0;
    %concati/vec4 3, 0, 4;
    %pad/u 12;
    %ix/vec4 4;
    %load/vec4a v00000182a829ee90, 4;
    %store/vec4 v00000182a829e580_0, 0, 8;
    %pushi/vec4 40, 0, 64;
    %ix/vec4 4;
    %delayx 4;
    %load/vec4 v00000182a829e580_0;
    %ix/load 4, 24, 0;
    %flag_set/imm 4, 0;
    %store/vec4 v00000182a829eb70_0, 4, 8;
    %load/vec4 v00000182a829f6b0_0;
    %concati/vec4 4, 0, 4;
    %pad/u 12;
    %ix/vec4 4;
    %load/vec4a v00000182a829ee90, 4;
    %store/vec4 v00000182a829e620_0, 0, 8;
    %pushi/vec4 40, 0, 64;
    %ix/vec4 4;
    %delayx 4;
    %load/vec4 v00000182a829e620_0;
    %ix/load 4, 32, 0;
    %flag_set/imm 4, 0;
    %store/vec4 v00000182a829eb70_0, 4, 8;
    %load/vec4 v00000182a829f6b0_0;
    %concati/vec4 5, 0, 4;
    %pad/u 12;
    %ix/vec4 4;
    %load/vec4a v00000182a829ee90, 4;
    %store/vec4 v00000182a829e6c0_0, 0, 8;
    %pushi/vec4 40, 0, 64;
    %ix/vec4 4;
    %delayx 4;
    %load/vec4 v00000182a829e6c0_0;
    %ix/load 4, 40, 0;
    %flag_set/imm 4, 0;
    %store/vec4 v00000182a829eb70_0, 4, 8;
    %load/vec4 v00000182a829f6b0_0;
    %concati/vec4 6, 0, 4;
    %pad/u 12;
    %ix/vec4 4;
    %load/vec4a v00000182a829ee90, 4;
    %store/vec4 v00000182a829ef30_0, 0, 8;
    %pushi/vec4 40, 0, 64;
    %ix/vec4 4;
    %delayx 4;
    %load/vec4 v00000182a829ef30_0;
    %ix/load 4, 48, 0;
    %flag_set/imm 4, 0;
    %store/vec4 v00000182a829eb70_0, 4, 8;
    %load/vec4 v00000182a829f6b0_0;
    %concati/vec4 7, 0, 4;
    %pad/u 12;
    %ix/vec4 4;
    %load/vec4a v00000182a829ee90, 4;
    %store/vec4 v00000182a829e990_0, 0, 8;
    %pushi/vec4 40, 0, 64;
    %ix/vec4 4;
    %delayx 4;
    %load/vec4 v00000182a829e990_0;
    %ix/load 4, 56, 0;
    %flag_set/imm 4, 0;
    %store/vec4 v00000182a829eb70_0, 4, 8;
    %load/vec4 v00000182a829f6b0_0;
    %concati/vec4 8, 0, 4;
    %pad/u 12;
    %ix/vec4 4;
    %load/vec4a v00000182a829ee90, 4;
    %store/vec4 v00000182a8212870_0, 0, 8;
    %pushi/vec4 40, 0, 64;
    %ix/vec4 4;
    %delayx 4;
    %load/vec4 v00000182a8212870_0;
    %ix/load 4, 64, 0;
    %flag_set/imm 4, 0;
    %store/vec4 v00000182a829eb70_0, 4, 8;
    %load/vec4 v00000182a829f6b0_0;
    %concati/vec4 9, 0, 4;
    %pad/u 12;
    %ix/vec4 4;
    %load/vec4a v00000182a829ee90, 4;
    %store/vec4 v00000182a8212910_0, 0, 8;
    %pushi/vec4 40, 0, 64;
    %ix/vec4 4;
    %delayx 4;
    %load/vec4 v00000182a8212910_0;
    %ix/load 4, 72, 0;
    %flag_set/imm 4, 0;
    %store/vec4 v00000182a829eb70_0, 4, 8;
    %load/vec4 v00000182a829f6b0_0;
    %concati/vec4 10, 0, 4;
    %pad/u 12;
    %ix/vec4 4;
    %load/vec4a v00000182a829ee90, 4;
    %store/vec4 v00000182a82129b0_0, 0, 8;
    %pushi/vec4 40, 0, 64;
    %ix/vec4 4;
    %delayx 4;
    %load/vec4 v00000182a82129b0_0;
    %ix/load 4, 80, 0;
    %flag_set/imm 4, 0;
    %store/vec4 v00000182a829eb70_0, 4, 8;
    %load/vec4 v00000182a829f6b0_0;
    %concati/vec4 11, 0, 4;
    %pad/u 12;
    %ix/vec4 4;
    %load/vec4a v00000182a829ee90, 4;
    %store/vec4 v00000182a8212a50_0, 0, 8;
    %pushi/vec4 40, 0, 64;
    %ix/vec4 4;
    %delayx 4;
    %load/vec4 v00000182a8212a50_0;
    %ix/load 4, 88, 0;
    %flag_set/imm 4, 0;
    %store/vec4 v00000182a829eb70_0, 4, 8;
    %load/vec4 v00000182a829f6b0_0;
    %concati/vec4 12, 0, 4;
    %pad/u 12;
    %ix/vec4 4;
    %load/vec4a v00000182a829ee90, 4;
    %store/vec4 v00000182a8212af0_0, 0, 8;
    %pushi/vec4 40, 0, 64;
    %ix/vec4 4;
    %delayx 4;
    %load/vec4 v00000182a8212af0_0;
    %ix/load 4, 96, 0;
    %flag_set/imm 4, 0;
    %store/vec4 v00000182a829eb70_0, 4, 8;
    %load/vec4 v00000182a829f6b0_0;
    %concati/vec4 13, 0, 4;
    %pad/u 12;
    %ix/vec4 4;
    %load/vec4a v00000182a829ee90, 4;
    %store/vec4 v00000182a8244570_0, 0, 8;
    %pushi/vec4 40, 0, 64;
    %ix/vec4 4;
    %delayx 4;
    %load/vec4 v00000182a8244570_0;
    %ix/load 4, 104, 0;
    %flag_set/imm 4, 0;
    %store/vec4 v00000182a829eb70_0, 4, 8;
    %load/vec4 v00000182a829f6b0_0;
    %concati/vec4 14, 0, 4;
    %pad/u 12;
    %ix/vec4 4;
    %load/vec4a v00000182a829ee90, 4;
    %store/vec4 v00000182a8244610_0, 0, 8;
    %pushi/vec4 40, 0, 64;
    %ix/vec4 4;
    %delayx 4;
    %load/vec4 v00000182a8244610_0;
    %ix/load 4, 112, 0;
    %flag_set/imm 4, 0;
    %store/vec4 v00000182a829eb70_0, 4, 8;
    %load/vec4 v00000182a829f6b0_0;
    %concati/vec4 15, 0, 4;
    %pad/u 12;
    %ix/vec4 4;
    %load/vec4a v00000182a829ee90, 4;
    %store/vec4 v00000182a82446b0_0, 0, 8;
    %pushi/vec4 40, 0, 64;
    %ix/vec4 4;
    %delayx 4;
    %load/vec4 v00000182a82446b0_0;
    %ix/load 4, 120, 0;
    %flag_set/imm 4, 0;
    %store/vec4 v00000182a829eb70_0, 4, 8;
    %pushi/vec4 0, 0, 1;
    %store/vec4 v00000182a829e7b0_0, 0, 1;
    %pushi/vec4 0, 0, 1;
    %store/vec4 v00000182a829e8f0_0, 0, 1;
T_2.0 ;
    %jmp T_2;
    .thread T_2;
# The file index is used to find the file name in the following table.
:file_names 3;
    "N/A";
    "<interactive>";
    "instruction_memory.v";
