#! /c/Source/iverilog-install/bin/vvp
:ivl_version "12.0 (devel)" "(s20150603-1539-g2693dd32b)";
:ivl_delay_selection "TYPICAL";
:vpi_time_precision - 12;
:vpi_module "C:\iverilog\lib\ivl\system.vpi";
:vpi_module "C:\iverilog\lib\ivl\vhdl_sys.vpi";
:vpi_module "C:\iverilog\lib\ivl\vhdl_textio.vpi";
:vpi_module "C:\iverilog\lib\ivl\v2005_math.vpi";
:vpi_module "C:\iverilog\lib\ivl\va_math.vpi";
S_000002492e6e6300 .scope module, "alu_tb" "alu_tb" 2 4;
 .timescale -9 -12;
v000002492e73e0d0_0 .var "data1", 7 0;
v000002492e73e210_0 .var "data2", 7 0;
v000002492e73e170_0 .net "result", 7 0, v000002492e73e7b0_0;  1 drivers
v000002492e73e990_0 .var "select", 2 0;
S_000002492e6e6490 .scope module, "alu_instance" "alu" 2 15, 3 42 0, S_000002492e6e6300;
 .timescale -9 -12;
    .port_info 0 /INPUT 8 "data1";
    .port_info 1 /INPUT 8 "data2";
    .port_info 2 /OUTPUT 8 "result";
    .port_info 3 /INPUT 3 "select";
v000002492e456af0_0 .net "add_result", 7 0, v000002492e6e6620_0;  1 drivers
v000002492e6e55f0_0 .net "and_result", 7 0, L_000002492e6ee780;  1 drivers
v000002492e73e670_0 .net "data1", 7 0, v000002492e73e0d0_0;  1 drivers
v000002492e73def0_0 .net "data2", 7 0, v000002492e73e210_0;  1 drivers
v000002492e73dc70_0 .net "mov_result", 7 0, L_000002492e6ee710;  1 drivers
v000002492e73eb70_0 .net "or_result", 7 0, L_000002492e6ee1d0;  1 drivers
v000002492e73e7b0_0 .var "result", 7 0;
v000002492e73e3f0_0 .net "select", 2 0, v000002492e73e990_0;  1 drivers
E_000002492e45b9c0/0 .event anyedge, v000002492e73e3f0_0, v000002492e6d73f0_0, v000002492e6e6620_0, v000002492e6ec750_0;
E_000002492e45b9c0/1 .event anyedge, v000002492e6e5550_0;
E_000002492e45b9c0 .event/or E_000002492e45b9c0/0, E_000002492e45b9c0/1;
S_000002492e6ec390 .scope module, "u0" "mov_module" 3 55, 3 1 0, S_000002492e6e6490;
 .timescale -9 -12;
    .port_info 0 /INPUT 8 "data2";
    .port_info 1 /OUTPUT 8 "result";
L_000002492e6ee710 .functor BUFZ 8, v000002492e73e210_0, C4<00000000>, C4<00000000>, C4<00000000>;
v000002492e6d7350_0 .net "data2", 7 0, v000002492e73e210_0;  alias, 1 drivers
v000002492e6d73f0_0 .net "result", 7 0, L_000002492e6ee710;  alias, 1 drivers
S_000002492e6e43a0 .scope module, "u1" "add_module" 3 56, 3 9 0, S_000002492e6e6490;
 .timescale -9 -12;
    .port_info 0 /INPUT 8 "data1";
    .port_info 1 /INPUT 8 "data2";
    .port_info 2 /OUTPUT 8 "result";
v000002492e45e7a0_0 .net "data1", 7 0, v000002492e73e0d0_0;  alias, 1 drivers
v000002492e6e4530_0 .net "data2", 7 0, v000002492e73e210_0;  alias, 1 drivers
v000002492e6e6620_0 .var "result", 7 0;
E_000002492e45b200 .event anyedge, v000002492e6d7350_0, v000002492e45e7a0_0;
S_000002492e6ec520 .scope module, "u3" "and_module" 3 57, 3 24 0, S_000002492e6e6490;
 .timescale -9 -12;
    .port_info 0 /INPUT 8 "data1";
    .port_info 1 /INPUT 8 "data2";
    .port_info 2 /OUTPUT 8 "result";
L_000002492e6ee780 .functor AND 8, v000002492e73e0d0_0, v000002492e73e210_0, C4<11111111>, C4<11111111>;
v000002492e6e66c0_0 .net "data1", 7 0, v000002492e73e0d0_0;  alias, 1 drivers
v000002492e6ec6b0_0 .net "data2", 7 0, v000002492e73e210_0;  alias, 1 drivers
v000002492e6ec750_0 .net "result", 7 0, L_000002492e6ee780;  alias, 1 drivers
S_000002492e6e5280 .scope module, "u4" "or_module" 3 58, 3 33 0, S_000002492e6e6490;
 .timescale -9 -12;
    .port_info 0 /INPUT 8 "data1";
    .port_info 1 /INPUT 8 "data2";
    .port_info 2 /OUTPUT 8 "result";
L_000002492e6ee1d0 .functor OR 8, v000002492e73e0d0_0, v000002492e73e210_0, C4<00000000>, C4<00000000>;
v000002492e6e5410_0 .net "data1", 7 0, v000002492e73e0d0_0;  alias, 1 drivers
v000002492e6e54b0_0 .net "data2", 7 0, v000002492e73e210_0;  alias, 1 drivers
v000002492e6e5550_0 .net "result", 7 0, L_000002492e6ee1d0;  alias, 1 drivers
    .scope S_000002492e6e43a0;
T_0 ;
    %wait E_000002492e45b200;
    %load/vec4 v000002492e6e4530_0;
    %pad/u 32;
    %cmpi/u 0, 0, 32;
    %jmp/0xz  T_0.0, 5;
    %load/vec4 v000002492e45e7a0_0;
    %load/vec4 v000002492e6e4530_0;
    %sub;
    %store/vec4 v000002492e6e6620_0, 0, 8;
    %jmp T_0.1;
T_0.0 ;
    %load/vec4 v000002492e45e7a0_0;
    %load/vec4 v000002492e6e4530_0;
    %add;
    %store/vec4 v000002492e6e6620_0, 0, 8;
T_0.1 ;
    %jmp T_0;
    .thread T_0, $push;
    .scope S_000002492e6e6490;
T_1 ;
    %wait E_000002492e45b9c0;
    %load/vec4 v000002492e73e3f0_0;
    %dup/vec4;
    %pushi/vec4 0, 0, 3;
    %cmp/u;
    %jmp/1 T_1.0, 6;
    %dup/vec4;
    %pushi/vec4 1, 0, 3;
    %cmp/u;
    %jmp/1 T_1.1, 6;
    %dup/vec4;
    %pushi/vec4 2, 0, 3;
    %cmp/u;
    %jmp/1 T_1.2, 6;
    %dup/vec4;
    %pushi/vec4 3, 0, 3;
    %cmp/u;
    %jmp/1 T_1.3, 6;
    %jmp T_1.4;
T_1.0 ;
    %delay 1000, 0;
    %load/vec4 v000002492e73dc70_0;
    %store/vec4 v000002492e73e7b0_0, 0, 8;
    %jmp T_1.4;
T_1.1 ;
    %delay 2000, 0;
    %load/vec4 v000002492e456af0_0;
    %store/vec4 v000002492e73e7b0_0, 0, 8;
    %jmp T_1.4;
T_1.2 ;
    %delay 1000, 0;
    %load/vec4 v000002492e6e55f0_0;
    %store/vec4 v000002492e73e7b0_0, 0, 8;
    %jmp T_1.4;
T_1.3 ;
    %delay 1000, 0;
    %load/vec4 v000002492e73eb70_0;
    %store/vec4 v000002492e73e7b0_0, 0, 8;
    %jmp T_1.4;
T_1.4 ;
    %pop/vec4 1;
    %jmp T_1;
    .thread T_1, $push;
    .scope S_000002492e6e6300;
T_2 ;
    %vpi_call 2 23 "$dumpfile", "alu_tb.vcd" {0 0 0};
    %vpi_call 2 24 "$dumpvars", 32'sb00000000000000000000000000000000, S_000002492e6e6490 {0 0 0};
    %pushi/vec4 0, 0, 8;
    %store/vec4 v000002492e73e0d0_0, 0, 8;
    %pushi/vec4 0, 0, 8;
    %store/vec4 v000002492e73e210_0, 0, 8;
    %pushi/vec4 0, 0, 3;
    %store/vec4 v000002492e73e990_0, 0, 3;
    %delay 10000, 0;
    %pushi/vec4 170, 0, 8;
    %store/vec4 v000002492e73e0d0_0, 0, 8;
    %pushi/vec4 85, 0, 8;
    %store/vec4 v000002492e73e210_0, 0, 8;
    %pushi/vec4 0, 0, 3;
    %store/vec4 v000002492e73e990_0, 0, 3;
    %delay 10000, 0;
    %pushi/vec4 3, 0, 8;
    %store/vec4 v000002492e73e210_0, 0, 8;
    %pushi/vec4 1, 0, 3;
    %store/vec4 v000002492e73e990_0, 0, 3;
    %delay 10000, 0;
    %pushi/vec4 253, 0, 8;
    %store/vec4 v000002492e73e210_0, 0, 8;
    %pushi/vec4 1, 0, 3;
    %store/vec4 v000002492e73e990_0, 0, 3;
    %delay 10000, 0;
    %pushi/vec4 2, 0, 3;
    %store/vec4 v000002492e73e990_0, 0, 3;
    %delay 10000, 0;
    %pushi/vec4 3, 0, 3;
    %store/vec4 v000002492e73e990_0, 0, 3;
    %delay 10000, 0;
    %vpi_call 2 58 "$finish" {0 0 0};
    %end;
    .thread T_2;
# The file index is used to find the file name in the following table.
:file_names 4;
    "N/A";
    "<interactive>";
    "alu_tb.v";
    "./alu.v";
