#! /c/Source/iverilog-install/bin/vvp
:ivl_version "12.0 (devel)" "(s20150603-1539-g2693dd32b)";
:ivl_delay_selection "TYPICAL";
:vpi_time_precision + 0;
:vpi_module "C:\iverilog\lib\ivl\system.vpi";
:vpi_module "C:\iverilog\lib\ivl\vhdl_sys.vpi";
:vpi_module "C:\iverilog\lib\ivl\vhdl_textio.vpi";
:vpi_module "C:\iverilog\lib\ivl\v2005_math.vpi";
:vpi_module "C:\iverilog\lib\ivl\va_math.vpi";
S_0000017d14352720 .scope module, "reg_file" "reg_file" 2 4;
 .timescale 0 0;
    .port_info 0 /INPUT 8 "IN";
    .port_info 1 /OUTPUT 8 "OUT1";
    .port_info 2 /OUTPUT 8 "OUT2";
    .port_info 3 /INPUT 3 "INADDRESS";
    .port_info 4 /INPUT 3 "OUT1ADDRESS";
    .port_info 5 /INPUT 3 "OUT2ADDRESS";
    .port_info 6 /INPUT 1 "WRITE";
    .port_info 7 /INPUT 1 "CLK";
    .port_info 8 /INPUT 1 "RESET";
L_0000017d14376cf0/d .functor BUFZ 8, L_0000017d14382150, C4<00000000>, C4<00000000>, C4<00000000>;
L_0000017d14376cf0 .delay 8 (2,2,2) L_0000017d14376cf0/d;
L_0000017d14352b30/d .functor BUFZ 8, L_0000017d14381e30, C4<00000000>, C4<00000000>, C4<00000000>;
L_0000017d14352b30 .delay 8 (2,2,2) L_0000017d14352b30/d;
o0000017d14386fd8 .functor BUFZ 1, C4<z>; HiZ drive
v0000017d14352950_0 .net "CLK", 0 0, o0000017d14386fd8;  0 drivers
o0000017d14387008 .functor BUFZ 8, C4<zzzzzzzz>; HiZ drive
v0000017d143529f0_0 .net "IN", 7 0, o0000017d14387008;  0 drivers
o0000017d14387038 .functor BUFZ 3, C4<zzz>; HiZ drive
v0000017d14352a90_0 .net "INADDRESS", 2 0, o0000017d14387038;  0 drivers
v0000017d143cfc40_0 .net "OUT1", 7 0, L_0000017d14376cf0;  1 drivers
o0000017d14387098 .functor BUFZ 3, C4<zzz>; HiZ drive
v0000017d143cfce0_0 .net "OUT1ADDRESS", 2 0, o0000017d14387098;  0 drivers
v0000017d143cfd80_0 .net "OUT2", 7 0, L_0000017d14352b30;  1 drivers
o0000017d143870f8 .functor BUFZ 3, C4<zzz>; HiZ drive
v0000017d143cfe20_0 .net "OUT2ADDRESS", 2 0, o0000017d143870f8;  0 drivers
o0000017d14387128 .functor BUFZ 1, C4<z>; HiZ drive
v0000017d143cfec0_0 .net "RESET", 0 0, o0000017d14387128;  0 drivers
o0000017d14387158 .functor BUFZ 1, C4<z>; HiZ drive
v0000017d143817a0_0 .net "WRITE", 0 0, o0000017d14387158;  0 drivers
v0000017d14381840_0 .net *"_ivl_0", 7 0, L_0000017d14382150;  1 drivers
v0000017d14381d90_0 .net *"_ivl_10", 4 0, L_0000017d143821f0;  1 drivers
L_0000017d143d7fc0 .functor BUFT 1, C4<00>, C4<0>, C4<0>, C4<0>;
v0000017d14381930_0 .net *"_ivl_13", 1 0, L_0000017d143d7fc0;  1 drivers
v0000017d14381bb0_0 .net *"_ivl_2", 4 0, L_0000017d14382290;  1 drivers
L_0000017d143d7f78 .functor BUFT 1, C4<00>, C4<0>, C4<0>, C4<0>;
v0000017d14381ed0_0 .net *"_ivl_5", 1 0, L_0000017d143d7f78;  1 drivers
v0000017d14381c50_0 .net *"_ivl_8", 7 0, L_0000017d14381e30;  1 drivers
v0000017d143819d0 .array "registers", 0 7, 7 0;
E_0000017d14338450 .event posedge, v0000017d14352950_0;
L_0000017d14382150 .array/port v0000017d143819d0, L_0000017d14382290;
L_0000017d14382290 .concat [ 3 2 0 0], o0000017d14387098, L_0000017d143d7f78;
L_0000017d14381e30 .array/port v0000017d143819d0, L_0000017d143821f0;
L_0000017d143821f0 .concat [ 3 2 0 0], o0000017d143870f8, L_0000017d143d7fc0;
    .scope S_0000017d14352720;
T_0 ;
    %wait E_0000017d14338450;
    %load/vec4 v0000017d143cfec0_0;
    %flag_set/vec4 8;
    %jmp/0xz  T_0.0, 8;
    %pushi/vec4 0, 0, 8;
    %ix/load 3, 0, 0;
    %flag_set/imm 4, 0;
    %ix/load 4, 1, 0; Constant delay
    %assign/vec4/a/d v0000017d143819d0, 0, 4;
    %pushi/vec4 0, 0, 8;
    %ix/load 3, 1, 0;
    %flag_set/imm 4, 0;
    %ix/load 4, 1, 0; Constant delay
    %assign/vec4/a/d v0000017d143819d0, 0, 4;
    %pushi/vec4 0, 0, 8;
    %ix/load 3, 2, 0;
    %flag_set/imm 4, 0;
    %ix/load 4, 1, 0; Constant delay
    %assign/vec4/a/d v0000017d143819d0, 0, 4;
    %pushi/vec4 0, 0, 8;
    %ix/load 3, 3, 0;
    %flag_set/imm 4, 0;
    %ix/load 4, 1, 0; Constant delay
    %assign/vec4/a/d v0000017d143819d0, 0, 4;
    %pushi/vec4 0, 0, 8;
    %ix/load 3, 4, 0;
    %flag_set/imm 4, 0;
    %ix/load 4, 1, 0; Constant delay
    %assign/vec4/a/d v0000017d143819d0, 0, 4;
    %pushi/vec4 0, 0, 8;
    %ix/load 3, 5, 0;
    %flag_set/imm 4, 0;
    %ix/load 4, 1, 0; Constant delay
    %assign/vec4/a/d v0000017d143819d0, 0, 4;
    %pushi/vec4 0, 0, 8;
    %ix/load 3, 6, 0;
    %flag_set/imm 4, 0;
    %ix/load 4, 1, 0; Constant delay
    %assign/vec4/a/d v0000017d143819d0, 0, 4;
    %pushi/vec4 0, 0, 8;
    %ix/load 3, 7, 0;
    %flag_set/imm 4, 0;
    %ix/load 4, 1, 0; Constant delay
    %assign/vec4/a/d v0000017d143819d0, 0, 4;
    %jmp T_0.1;
T_0.0 ;
    %load/vec4 v0000017d143817a0_0;
    %flag_set/vec4 8;
    %jmp/0xz  T_0.2, 8;
    %load/vec4 v0000017d143529f0_0;
    %load/vec4 v0000017d14352a90_0;
    %pad/u 5;
    %ix/vec4 3;
    %ix/load 4, 1, 0; Constant delay
    %assign/vec4/a/d v0000017d143819d0, 0, 4;
T_0.2 ;
T_0.1 ;
    %jmp T_0;
    .thread T_0;
# The file index is used to find the file name in the following table.
:file_names 3;
    "N/A";
    "<interactive>";
    "reg_file.v";
